# JRE version: Java(TM) SE Runtime Environment (13.0.1+9) (build 13.0.1+9)
# Java VM: Java HotSpot(TM) 64-Bit Server VM (13.0.1+9, mixed mode, sharing, tiered, compressed oops, g1 gc, windows-amd64)
Heap:
 garbage-first heap   total 17408K, used 5268K [0x0000000081a00000, 0x0000000100000000)
  region size 1024K, 2 young (2048K), 1 survivors (1024K)
 Metaspace       used 3260K, capacity 5638K, committed 5760K, reserved 1056768K
  class space    used 264K, capacity 607K, committed 640K, reserved 1048576K
GC Heap History (20 events):
Event: 75.044 GC heap before
{Heap before GC invocations=350 (full 81):
 garbage-first heap   total 20480K, used 15014K [0x0000000081a00000, 0x0000000100000000)
  region size 1024K, 10 young (10240K), 0 survivors (0K)
 Metaspace       used 3258K, capacity 5638K, committed 5760K, reserved 1056768K
  class space    used 264K, capacity 607K, committed 640K, reserved 1048576K
}
Event: 75.045 GC heap after
{Heap after GC invocations=351 (full 81):
 garbage-first heap   total 20480K, used 5121K [0x0000000081a00000, 0x0000000100000000)
  region size 1024K, 1 young (1024K), 1 survivors (1024K)
 Metaspace       used 3258K, capacity 5638K, committed 5760K, reserved 1056768K
  class space    used 264K, capacity 607K, committed 640K, reserved 1048576K
}
Event: 75.301 GC heap before
{Heap before GC invocations=351 (full 81):
 garbage-first heap   total 20480K, used 14337K [0x0000000081a00000, 0x0000000100000000)
  region size 1024K, 10 young (10240K), 1 survivors (1024K)
 Metaspace       used 3260K, capacity 5638K, committed 5760K, reserved 1056768K
  class space    used 264K, capacity 607K, committed 640K, reserved 1048576K
}
Event: 75.303 GC heap after
{Heap after GC invocations=352 (full 81):
 garbage-first heap   total 20480K, used 5404K [0x0000000081a00000, 0x0000000100000000)
  region size 1024K, 1 young (1024K), 1 survivors (1024K)
 Metaspace       used 3260K, capacity 5638K, committed 5760K, reserved 1056768K
  class space    used 264K, capacity 607K, committed 640K, reserved 1048576K
}
Event: 75.426 GC heap before
{Heap before GC invocations=352 (full 81):
 garbage-first heap   total 20480K, used 14620K [0x0000000081a00000, 0x0000000100000000)
  region size 1024K, 10 young (10240K), 1 survivors (1024K)
 Metaspace       used 3260K, capacity 5638K, committed 5760K, reserved 1056768K
  class space    used 264K, capacity 607K, committed 640K, reserved 1048576K
}
Event: 75.428 GC heap after
{Heap after GC invocations=353 (full 81):
 garbage-first heap   total 20480K, used 5174K [0x0000000081a00000, 0x0000000100000000)
  region size 1024K, 1 young (1024K), 1 survivors (1024K)
 Metaspace       used 3260K, capacity 5638K, committed 5760K, reserved 1056768K
  class space    used 264K, capacity 607K, committed 640K, reserved 1048576K
}
Event: 75.473 GC heap before
{Heap before GC invocations=353 (full 81):
 garbage-first heap   total 20480K, used 8246K [0x0000000081a00000, 0x0000000100000000)
  region size 1024K, 5 young (5120K), 1 survivors (1024K)
 Metaspace       used 3260K, capacity 5638K, committed 5760K, reserved 1056768K
  class space    used 264K, capacity 607K, committed 640K, reserved 1048576K
}
Event: 75.483 GC heap after
{Heap after GC invocations=354 (full 82):
 garbage-first heap   total 17408K, used 4601K [0x0000000081a00000, 0x0000000100000000)
  region size 1024K, 0 young (0K), 0 survivors (0K)
 Metaspace       used 3260K, capacity 5638K, committed 5760K, reserved 1056768K
  class space    used 264K, capacity 607K, committed 640K, reserved 1048576K
}
Event: 75.608 GC heap before
{Heap before GC invocations=354 (full 82):
 garbage-first heap   total 17408K, used 12793K [0x0000000081a00000, 0x0000000100000000)
  region size 1024K, 8 young (8192K), 0 survivors (0K)
 Metaspace       used 3260K, capacity 5638K, committed 5760K, reserved 1056768K
  class space    used 264K, capacity 607K, committed 640K, reserved 1048576K
}
Event: 75.609 GC heap after
{Heap after GC invocations=355 (full 82):
 garbage-first heap   total 17408K, used 4770K [0x0000000081a00000, 0x0000000100000000)
  region size 1024K, 1 young (1024K), 1 survivors (1024K)
 Metaspace       used 3260K, capacity 5638K, committed 5760K, reserved 1056768K
  class space    used 264K, capacity 607K, committed 640K, reserved 1048576K
}
Event: 75.722 GC heap before
{Heap before GC invocations=355 (full 82):
 garbage-first heap   total 17408K, used 12962K [0x0000000081a00000, 0x0000000100000000)
  region size 1024K, 9 young (9216K), 1 survivors (1024K)
 Metaspace       used 3260K, capacity 5638K, committed 5760K, reserved 1056768K
  class space    used 264K, capacity 607K, committed 640K, reserved 1048576K
}
Event: 75.723 GC heap after
{Heap after GC invocations=356 (full 82):
 garbage-first heap   total 17408K, used 4765K [0x0000000081a00000, 0x0000000100000000)
  region size 1024K, 1 young (1024K), 1 survivors (1024K)
 Metaspace       used 3260K, capacity 5638K, committed 5760K, reserved 1056768K
  class space    used 264K, capacity 607K, committed 640K, reserved 1048576K
}
Event: 75.835 GC heap before
{Heap before GC invocations=356 (full 82):
 garbage-first heap   total 17408K, used 12957K [0x0000000081a00000, 0x0000000100000000)
  region size 1024K, 9 young (9216K), 1 survivors (1024K)
 Metaspace       used 3260K, capacity 5638K, committed 5760K, reserved 1056768K
  class space    used 264K, capacity 607K, committed 640K, reserved 1048576K
}
Event: 75.836 GC heap after
{Heap after GC invocations=357 (full 82):
 garbage-first heap   total 17408K, used 4793K [0x0000000081a00000, 0x0000000100000000)
  region size 1024K, 1 young (1024K), 1 survivors (1024K)
 Metaspace       used 3260K, capacity 5638K, committed 5760K, reserved 1056768K
  class space    used 264K, capacity 607K, committed 640K, reserved 1048576K
}
Event: 75.944 GC heap before
{Heap before GC invocations=357 (full 82):
 garbage-first heap   total 17408K, used 12985K [0x0000000081a00000, 0x0000000100000000)
  region size 1024K, 9 young (9216K), 1 survivors (1024K)
 Metaspace       used 3260K, capacity 5638K, committed 5760K, reserved 1056768K
  class space    used 264K, capacity 607K, committed 640K, reserved 1048576K
}
Event: 75.945 GC heap after
{Heap after GC invocations=358 (full 82):
 garbage-first heap   total 17408K, used 4927K [0x0000000081a00000, 0x0000000100000000)
  region size 1024K, 1 young (1024K), 1 survivors (1024K)
 Metaspace       used 3260K, capacity 5638K, committed 5760K, reserved 1056768K
  class space    used 264K, capacity 607K, committed 640K, reserved 1048576K
}
Event: 76.057 GC heap before
{Heap before GC invocations=358 (full 82):
 garbage-first heap   total 17408K, used 13119K [0x0000000081a00000, 0x0000000100000000)
  region size 1024K, 9 young (9216K), 1 survivors (1024K)
 Metaspace       used 3260K, capacity 5638K, committed 5760K, reserved 1056768K
  class space    used 264K, capacity 607K, committed 640K, reserved 1048576K
}
Event: 76.058 GC heap after
{Heap after GC invocations=359 (full 82):
 garbage-first heap   total 17408K, used 4926K [0x0000000081a00000, 0x0000000100000000)
  region size 1024K, 1 young (1024K), 1 survivors (1024K)
 Metaspace       used 3260K, capacity 5638K, committed 5760K, reserved 1056768K
  class space    used 264K, capacity 607K, committed 640K, reserved 1048576K
}
Event: 76.578 GC heap before
{Heap before GC invocations=359 (full 82):
 garbage-first heap   total 17408K, used 13118K [0x0000000081a00000, 0x0000000100000000)
  region size 1024K, 9 young (9216K), 1 survivors (1024K)
 Metaspace       used 3260K, capacity 5638K, committed 5760K, reserved 1056768K
  class space    used 264K, capacity 607K, committed 640K, reserved 1048576K
}
Event: 76.580 GC heap after
{Heap after GC invocations=360 (full 82):
 garbage-first heap   total 17408K, used 5268K [0x0000000081a00000, 0x0000000100000000)
  region size 1024K, 1 young (1024K), 1 survivors (1024K)
 Metaspace       used 3260K, capacity 5638K, committed 5760K, reserved 1056768K
  class space    used 264K, capacity 607K, committed 640K, reserved 1048576K
}

