# JRE version: Java(TM) SE Runtime Environment (13.0.1+9) (build 13.0.1+9)
# Java VM: Java HotSpot(TM) 64-Bit Server VM (13.0.1+9, mixed mode, sharing, tiered, compressed oops, g1 gc, windows-amd64)
Heap:
 garbage-first heap   total 74752K, used 5264K [0x0000000081a00000, 0x0000000100000000)
  region size 1024K, 2 young (2048K), 1 survivors (1024K)
 Metaspace       used 3312K, capacity 5639K, committed 5760K, reserved 1056768K
  class space    used 264K, capacity 607K, committed 640K, reserved 1048576K
GC Heap History (20 events):
Event: 110.953 GC heap before
{Heap before GC invocations=452 (full 110):
 garbage-first heap   total 17408K, used 11329K [0x0000000081a00000, 0x0000000100000000)
  region size 1024K, 8 young (8192K), 1 survivors (1024K)
 Metaspace       used 3312K, capacity 5639K, committed 5760K, reserved 1056768K
  class space    used 264K, capacity 607K, committed 640K, reserved 1048576K
}
Event: 110.965 GC heap after
{Heap after GC invocations=453 (full 111):
 garbage-first heap   total 17408K, used 4734K [0x0000000081a00000, 0x0000000100000000)
  region size 1024K, 0 young (0K), 0 survivors (0K)
 Metaspace       used 3312K, capacity 5639K, committed 5760K, reserved 1056768K
  class space    used 264K, capacity 607K, committed 640K, reserved 1048576K
}
Event: 111.028 GC heap before
{Heap before GC invocations=453 (full 111):
 garbage-first heap   total 17408K, used 12926K [0x0000000081a00000, 0x0000000100000000)
  region size 1024K, 8 young (8192K), 0 survivors (0K)
 Metaspace       used 3312K, capacity 5639K, committed 5760K, reserved 1056768K
  class space    used 264K, capacity 607K, committed 640K, reserved 1048576K
}
Event: 111.029 GC heap after
{Heap after GC invocations=454 (full 111):
 garbage-first heap   total 17408K, used 5231K [0x0000000081a00000, 0x0000000100000000)
  region size 1024K, 1 young (1024K), 1 survivors (1024K)
 Metaspace       used 3312K, capacity 5639K, committed 5760K, reserved 1056768K
  class space    used 264K, capacity 607K, committed 640K, reserved 1048576K
}
Event: 111.924 GC heap before
{Heap before GC invocations=454 (full 111):
 garbage-first heap   total 17408K, used 12399K [0x0000000081a00000, 0x0000000100000000)
  region size 1024K, 8 young (8192K), 1 survivors (1024K)
 Metaspace       used 3312K, capacity 5639K, committed 5760K, reserved 1056768K
  class space    used 264K, capacity 607K, committed 640K, reserved 1048576K
}
Event: 111.926 GC heap after
{Heap after GC invocations=455 (full 111):
 garbage-first heap   total 17408K, used 5372K [0x0000000081a00000, 0x0000000100000000)
  region size 1024K, 1 young (1024K), 1 survivors (1024K)
 Metaspace       used 3312K, capacity 5639K, committed 5760K, reserved 1056768K
  class space    used 264K, capacity 607K, committed 640K, reserved 1048576K
}
Event: 111.952 GC heap before
{Heap before GC invocations=455 (full 111):
 garbage-first heap   total 17408K, used 6396K [0x0000000081a00000, 0x0000000100000000)
  region size 1024K, 3 young (3072K), 1 survivors (1024K)
 Metaspace       used 3312K, capacity 5639K, committed 5760K, reserved 1056768K
  class space    used 264K, capacity 607K, committed 640K, reserved 1048576K
}
Event: 111.964 GC heap after
{Heap after GC invocations=456 (full 112):
 garbage-first heap   total 17408K, used 4561K [0x0000000081a00000, 0x0000000100000000)
  region size 1024K, 0 young (0K), 0 survivors (0K)
 Metaspace       used 3312K, capacity 5639K, committed 5760K, reserved 1056768K
  class space    used 264K, capacity 607K, committed 640K, reserved 1048576K
}
Event: 112.068 GC heap before
{Heap before GC invocations=456 (full 112):
 garbage-first heap   total 17408K, used 12753K [0x0000000081a00000, 0x0000000100000000)
  region size 1024K, 8 young (8192K), 0 survivors (0K)
 Metaspace       used 3312K, capacity 5639K, committed 5760K, reserved 1056768K
  class space    used 264K, capacity 607K, committed 640K, reserved 1048576K
}
Event: 112.069 GC heap after
{Heap after GC invocations=457 (full 112):
 garbage-first heap   total 17408K, used 4890K [0x0000000081a00000, 0x0000000100000000)
  region size 1024K, 1 young (1024K), 1 survivors (1024K)
 Metaspace       used 3312K, capacity 5639K, committed 5760K, reserved 1056768K
  class space    used 264K, capacity 607K, committed 640K, reserved 1048576K
}
Event: 112.120 GC heap before
{Heap before GC invocations=457 (full 112):
 garbage-first heap   total 17408K, used 12058K [0x0000000081a00000, 0x0000000100000000)
  region size 1024K, 8 young (8192K), 1 survivors (1024K)
 Metaspace       used 3312K, capacity 5639K, committed 5760K, reserved 1056768K
  class space    used 264K, capacity 607K, committed 640K, reserved 1048576K
}
Event: 112.121 GC heap after
{Heap after GC invocations=458 (full 112):
 garbage-first heap   total 17408K, used 5050K [0x0000000081a00000, 0x0000000100000000)
  region size 1024K, 1 young (1024K), 1 survivors (1024K)
 Metaspace       used 3312K, capacity 5639K, committed 5760K, reserved 1056768K
  class space    used 264K, capacity 607K, committed 640K, reserved 1048576K
}
Event: 113.027 GC heap before
{Heap before GC invocations=458 (full 112):
 garbage-first heap   total 17408K, used 12218K [0x0000000081a00000, 0x0000000100000000)
  region size 1024K, 8 young (8192K), 1 survivors (1024K)
 Metaspace       used 3312K, capacity 5639K, committed 5760K, reserved 1056768K
  class space    used 264K, capacity 607K, committed 640K, reserved 1048576K
}
Event: 113.029 GC heap after
{Heap after GC invocations=459 (full 112):
 garbage-first heap   total 17408K, used 5181K [0x0000000081a00000, 0x0000000100000000)
  region size 1024K, 1 young (1024K), 1 survivors (1024K)
 Metaspace       used 3312K, capacity 5639K, committed 5760K, reserved 1056768K
  class space    used 264K, capacity 607K, committed 640K, reserved 1048576K
}
Event: 113.085 GC heap before
{Heap before GC invocations=459 (full 112):
 garbage-first heap   total 17408K, used 9277K [0x0000000081a00000, 0x0000000100000000)
  region size 1024K, 6 young (6144K), 1 survivors (1024K)
 Metaspace       used 3312K, capacity 5639K, committed 5760K, reserved 1056768K
  class space    used 264K, capacity 607K, committed 640K, reserved 1048576K
}
Event: 113.097 GC heap after
{Heap after GC invocations=460 (full 113):
 garbage-first heap   total 17408K, used 4568K [0x0000000081a00000, 0x0000000100000000)
  region size 1024K, 0 young (0K), 0 survivors (0K)
 Metaspace       used 3312K, capacity 5639K, committed 5760K, reserved 1056768K
  class space    used 264K, capacity 607K, committed 640K, reserved 1048576K
}
Event: 113.200 GC heap before
{Heap before GC invocations=460 (full 113):
 garbage-first heap   total 17408K, used 12760K [0x0000000081a00000, 0x0000000100000000)
  region size 1024K, 8 young (8192K), 0 survivors (0K)
 Metaspace       used 3312K, capacity 5639K, committed 5760K, reserved 1056768K
  class space    used 264K, capacity 607K, committed 640K, reserved 1048576K
}
Event: 113.201 GC heap after
{Heap after GC invocations=461 (full 113):
 garbage-first heap   total 17408K, used 4903K [0x0000000081a00000, 0x0000000100000000)
  region size 1024K, 1 young (1024K), 1 survivors (1024K)
 Metaspace       used 3312K, capacity 5639K, committed 5760K, reserved 1056768K
  class space    used 264K, capacity 607K, committed 640K, reserved 1048576K
}
Event: 113.409 GC heap before
{Heap before GC invocations=461 (full 113):
 garbage-first heap   total 17408K, used 12071K [0x0000000081a00000, 0x0000000100000000)
  region size 1024K, 8 young (8192K), 1 survivors (1024K)
 Metaspace       used 3312K, capacity 5639K, committed 5760K, reserved 1056768K
  class space    used 264K, capacity 607K, committed 640K, reserved 1048576K
}
Event: 113.412 GC heap after
{Heap after GC invocations=462 (full 113):
 garbage-first heap   total 74752K, used 5264K [0x0000000081a00000, 0x0000000100000000)
  region size 1024K, 1 young (1024K), 1 survivors (1024K)
 Metaspace       used 3312K, capacity 5639K, committed 5760K, reserved 1056768K
  class space    used 264K, capacity 607K, committed 640K, reserved 1048576K
}

