# JRE version: Java(TM) SE Runtime Environment (13.0.1+9) (build 13.0.1+9)
# Java VM: Java HotSpot(TM) 64-Bit Server VM (13.0.1+9, mixed mode, sharing, tiered, compressed oops, g1 gc, windows-amd64)
Heap:
 garbage-first heap   total 17408K, used 5084K [0x0000000081a00000, 0x0000000100000000)
  region size 1024K, 2 young (2048K), 1 survivors (1024K)
 Metaspace       used 2608K, capacity 5285K, committed 5504K, reserved 1056768K
  class space    used 214K, capacity 531K, committed 640K, reserved 1048576K
GC Heap History (20 events):
Event: 5.737 GC heap before
{Heap before GC invocations=13 (full 3):
 garbage-first heap   total 17408K, used 12858K [0x0000000081a00000, 0x0000000100000000)
  region size 1024K, 9 young (9216K), 1 survivors (1024K)
 Metaspace       used 2591K, capacity 5285K, committed 5504K, reserved 1056768K
  class space    used 214K, capacity 531K, committed 640K, reserved 1048576K
}
Event: 5.738 GC heap after
{Heap after GC invocations=14 (full 3):
 garbage-first heap   total 17408K, used 4910K [0x0000000081a00000, 0x0000000100000000)
  region size 1024K, 1 young (1024K), 1 survivors (1024K)
 Metaspace       used 2591K, capacity 5285K, committed 5504K, reserved 1056768K
  class space    used 214K, capacity 531K, committed 640K, reserved 1048576K
}
Event: 5.834 GC heap before
{Heap before GC invocations=14 (full 3):
 garbage-first heap   total 17408K, used 12078K [0x0000000081a00000, 0x0000000100000000)
  region size 1024K, 8 young (8192K), 1 survivors (1024K)
 Metaspace       used 2591K, capacity 5285K, committed 5504K, reserved 1056768K
  class space    used 214K, capacity 531K, committed 640K, reserved 1048576K
}
Event: 5.836 GC heap after
{Heap after GC invocations=15 (full 3):
 garbage-first heap   total 74752K, used 4817K [0x0000000081a00000, 0x0000000100000000)
  region size 1024K, 1 young (1024K), 1 survivors (1024K)
 Metaspace       used 2591K, capacity 5285K, committed 5504K, reserved 1056768K
  class space    used 214K, capacity 531K, committed 640K, reserved 1048576K
}
Event: 5.902 GC heap before
{Heap before GC invocations=15 (full 3):
 garbage-first heap   total 74752K, used 8913K [0x0000000081a00000, 0x0000000100000000)
  region size 1024K, 6 young (6144K), 1 survivors (1024K)
 Metaspace       used 2593K, capacity 5285K, committed 5504K, reserved 1056768K
  class space    used 214K, capacity 531K, committed 640K, reserved 1048576K
}
Event: 5.910 GC heap after
{Heap after GC invocations=16 (full 4):
 garbage-first heap   total 17408K, used 4349K [0x0000000081a00000, 0x0000000100000000)
  region size 1024K, 0 young (0K), 0 survivors (0K)
 Metaspace       used 2593K, capacity 5285K, committed 5504K, reserved 1056768K
  class space    used 214K, capacity 531K, committed 640K, reserved 1048576K
}
Event: 6.022 GC heap before
{Heap before GC invocations=16 (full 4):
 garbage-first heap   total 17408K, used 12541K [0x0000000081a00000, 0x0000000100000000)
  region size 1024K, 8 young (8192K), 0 survivors (0K)
 Metaspace       used 2593K, capacity 5285K, committed 5504K, reserved 1056768K
  class space    used 214K, capacity 531K, committed 640K, reserved 1048576K
}
Event: 6.024 GC heap after
{Heap after GC invocations=17 (full 4):
 garbage-first heap   total 17408K, used 4565K [0x0000000081a00000, 0x0000000100000000)
  region size 1024K, 1 young (1024K), 1 survivors (1024K)
 Metaspace       used 2593K, capacity 5285K, committed 5504K, reserved 1056768K
  class space    used 214K, capacity 531K, committed 640K, reserved 1048576K
}
Event: 6.293 GC heap before
{Heap before GC invocations=17 (full 4):
 garbage-first heap   total 17408K, used 11733K [0x0000000081a00000, 0x0000000100000000)
  region size 1024K, 8 young (8192K), 1 survivors (1024K)
 Metaspace       used 2594K, capacity 5285K, committed 5504K, reserved 1056768K
  class space    used 214K, capacity 531K, committed 640K, reserved 1048576K
}
Event: 6.295 GC heap after
{Heap after GC invocations=18 (full 4):
 garbage-first heap   total 17408K, used 4882K [0x0000000081a00000, 0x0000000100000000)
  region size 1024K, 1 young (1024K), 1 survivors (1024K)
 Metaspace       used 2594K, capacity 5285K, committed 5504K, reserved 1056768K
  class space    used 214K, capacity 531K, committed 640K, reserved 1048576K
}
Event: 6.299 GC heap before
{Heap before GC invocations=18 (full 4):
 garbage-first heap   total 17408K, used 4882K [0x0000000081a00000, 0x0000000100000000)
  region size 1024K, 2 young (2048K), 1 survivors (1024K)
 Metaspace       used 2594K, capacity 5285K, committed 5504K, reserved 1056768K
  class space    used 214K, capacity 531K, committed 640K, reserved 1048576K
}
Event: 6.310 GC heap after
{Heap after GC invocations=19 (full 5):
 garbage-first heap   total 17408K, used 4353K [0x0000000081a00000, 0x0000000100000000)
  region size 1024K, 0 young (0K), 0 survivors (0K)
 Metaspace       used 2594K, capacity 5285K, committed 5504K, reserved 1056768K
  class space    used 214K, capacity 531K, committed 640K, reserved 1048576K
}
Event: 6.380 GC heap before
{Heap before GC invocations=19 (full 5):
 garbage-first heap   total 17408K, used 7425K [0x0000000081a00000, 0x0000000100000000)
  region size 1024K, 4 young (4096K), 0 survivors (0K)
 Metaspace       used 2598K, capacity 5285K, committed 5504K, reserved 1056768K
  class space    used 214K, capacity 531K, committed 640K, reserved 1048576K
}
Event: 6.391 GC heap after
{Heap after GC invocations=20 (full 6):
 garbage-first heap   total 17408K, used 4409K [0x0000000081a00000, 0x0000000100000000)
  region size 1024K, 0 young (0K), 0 survivors (0K)
 Metaspace       used 2598K, capacity 5285K, committed 5504K, reserved 1056768K
  class space    used 214K, capacity 531K, committed 640K, reserved 1048576K
}
Event: 6.492 GC heap before
{Heap before GC invocations=20 (full 6):
 garbage-first heap   total 17408K, used 12601K [0x0000000081a00000, 0x0000000100000000)
  region size 1024K, 8 young (8192K), 0 survivors (0K)
 Metaspace       used 2607K, capacity 5285K, committed 5504K, reserved 1056768K
  class space    used 214K, capacity 531K, committed 640K, reserved 1048576K
}
Event: 6.494 GC heap after
{Heap after GC invocations=21 (full 6):
 garbage-first heap   total 17408K, used 4941K [0x0000000081a00000, 0x0000000100000000)
  region size 1024K, 1 young (1024K), 1 survivors (1024K)
 Metaspace       used 2607K, capacity 5285K, committed 5504K, reserved 1056768K
  class space    used 214K, capacity 531K, committed 640K, reserved 1048576K
}
Event: 6.556 GC heap before
{Heap before GC invocations=21 (full 6):
 garbage-first heap   total 17408K, used 9037K [0x0000000081a00000, 0x0000000100000000)
  region size 1024K, 6 young (6144K), 1 survivors (1024K)
 Metaspace       used 2607K, capacity 5285K, committed 5504K, reserved 1056768K
  class space    used 214K, capacity 531K, committed 640K, reserved 1048576K
}
Event: 6.570 GC heap after
{Heap after GC invocations=22 (full 7):
 garbage-first heap   total 17408K, used 4359K [0x0000000081a00000, 0x0000000100000000)
  region size 1024K, 0 young (0K), 0 survivors (0K)
 Metaspace       used 2607K, capacity 5285K, committed 5504K, reserved 1056768K
  class space    used 214K, capacity 531K, committed 640K, reserved 1048576K
}
Event: 6.752 GC heap before
{Heap before GC invocations=22 (full 7):
 garbage-first heap   total 17408K, used 12551K [0x0000000081a00000, 0x0000000100000000)
  region size 1024K, 8 young (8192K), 0 survivors (0K)
 Metaspace       used 2607K, capacity 5285K, committed 5504K, reserved 1056768K
  class space    used 214K, capacity 531K, committed 640K, reserved 1048576K
}
Event: 6.754 GC heap after
{Heap after GC invocations=23 (full 7):
 garbage-first heap   total 17408K, used 5084K [0x0000000081a00000, 0x0000000100000000)
  region size 1024K, 1 young (1024K), 1 survivors (1024K)
 Metaspace       used 2607K, capacity 5285K, committed 5504K, reserved 1056768K
  class space    used 214K, capacity 531K, committed 640K, reserved 1048576K
}

