# JRE version: Java(TM) SE Runtime Environment (13.0.1+9) (build 13.0.1+9)
# Java VM: Java HotSpot(TM) 64-Bit Server VM (13.0.1+9, mixed mode, sharing, tiered, compressed oops, g1 gc, windows-amd64)
Heap:
 garbage-first heap   total 17408K, used 5509K [0x0000000081a00000, 0x0000000100000000)
  region size 1024K, 2 young (2048K), 1 survivors (1024K)
 Metaspace       used 3211K, capacity 5637K, committed 5760K, reserved 1056768K
  class space    used 264K, capacity 607K, committed 640K, reserved 1048576K
GC Heap History (20 events):
Event: 45.261 GC heap before
{Heap before GC invocations=170 (full 38):
 garbage-first heap   total 20480K, used 13965K [0x0000000081a00000, 0x0000000100000000)
  region size 1024K, 9 young (9216K), 0 survivors (0K)
 Metaspace       used 3211K, capacity 5637K, committed 5760K, reserved 1056768K
  class space    used 264K, capacity 607K, committed 640K, reserved 1048576K
}
Event: 45.263 GC heap after
{Heap after GC invocations=171 (full 38):
 garbage-first heap   total 20480K, used 5371K [0x0000000081a00000, 0x0000000100000000)
  region size 1024K, 1 young (1024K), 1 survivors (1024K)
 Metaspace       used 3211K, capacity 5637K, committed 5760K, reserved 1056768K
  class space    used 264K, capacity 607K, committed 640K, reserved 1048576K
}
Event: 45.480 GC heap before
{Heap before GC invocations=171 (full 38):
 garbage-first heap   total 20480K, used 13563K [0x0000000081a00000, 0x0000000100000000)
  region size 1024K, 9 young (9216K), 1 survivors (1024K)
 Metaspace       used 3211K, capacity 5637K, committed 5760K, reserved 1056768K
  class space    used 264K, capacity 607K, committed 640K, reserved 1048576K
}
Event: 45.482 GC heap after
{Heap after GC invocations=172 (full 38):
 garbage-first heap   total 20480K, used 5419K [0x0000000081a00000, 0x0000000100000000)
  region size 1024K, 1 young (1024K), 1 survivors (1024K)
 Metaspace       used 3211K, capacity 5637K, committed 5760K, reserved 1056768K
  class space    used 264K, capacity 607K, committed 640K, reserved 1048576K
}
Event: 45.591 GC heap before
{Heap before GC invocations=172 (full 38):
 garbage-first heap   total 20480K, used 13611K [0x0000000081a00000, 0x0000000100000000)
  region size 1024K, 9 young (9216K), 1 survivors (1024K)
 Metaspace       used 3211K, capacity 5637K, committed 5760K, reserved 1056768K
  class space    used 264K, capacity 607K, committed 640K, reserved 1048576K
}
Event: 45.592 GC heap after
{Heap after GC invocations=173 (full 38):
 garbage-first heap   total 20480K, used 5201K [0x0000000081a00000, 0x0000000100000000)
  region size 1024K, 1 young (1024K), 1 survivors (1024K)
 Metaspace       used 3211K, capacity 5637K, committed 5760K, reserved 1056768K
  class space    used 264K, capacity 607K, committed 640K, reserved 1048576K
}
Event: 45.596 GC heap before
{Heap before GC invocations=173 (full 38):
 garbage-first heap   total 20480K, used 5201K [0x0000000081a00000, 0x0000000100000000)
  region size 1024K, 2 young (2048K), 1 survivors (1024K)
 Metaspace       used 3211K, capacity 5637K, committed 5760K, reserved 1056768K
  class space    used 264K, capacity 607K, committed 640K, reserved 1048576K
}
Event: 45.603 GC heap after
{Heap after GC invocations=174 (full 39):
 garbage-first heap   total 20480K, used 4576K [0x0000000081a00000, 0x0000000100000000)
  region size 1024K, 0 young (0K), 0 survivors (0K)
 Metaspace       used 3211K, capacity 5637K, committed 5760K, reserved 1056768K
  class space    used 264K, capacity 607K, committed 640K, reserved 1048576K
}
Event: 46.032 GC heap before
{Heap before GC invocations=174 (full 39):
 garbage-first heap   total 20480K, used 13792K [0x0000000081a00000, 0x0000000100000000)
  region size 1024K, 9 young (9216K), 0 survivors (0K)
 Metaspace       used 3211K, capacity 5637K, committed 5760K, reserved 1056768K
  class space    used 264K, capacity 607K, committed 640K, reserved 1048576K
}
Event: 46.034 GC heap after
{Heap after GC invocations=175 (full 39):
 garbage-first heap   total 20480K, used 5163K [0x0000000081a00000, 0x0000000100000000)
  region size 1024K, 1 young (1024K), 1 survivors (1024K)
 Metaspace       used 3211K, capacity 5637K, committed 5760K, reserved 1056768K
  class space    used 264K, capacity 607K, committed 640K, reserved 1048576K
}
Event: 46.157 GC heap before
{Heap before GC invocations=175 (full 39):
 garbage-first heap   total 20480K, used 14379K [0x0000000081a00000, 0x0000000100000000)
  region size 1024K, 10 young (10240K), 1 survivors (1024K)
 Metaspace       used 3211K, capacity 5637K, committed 5760K, reserved 1056768K
  class space    used 264K, capacity 607K, committed 640K, reserved 1048576K
}
Event: 46.159 GC heap after
{Heap after GC invocations=176 (full 39):
 garbage-first heap   total 75776K, used 5027K [0x0000000081a00000, 0x0000000100000000)
  region size 1024K, 1 young (1024K), 1 survivors (1024K)
 Metaspace       used 3211K, capacity 5637K, committed 5760K, reserved 1056768K
  class space    used 264K, capacity 607K, committed 640K, reserved 1048576K
}
Event: 46.175 GC heap before
{Heap before GC invocations=176 (full 39):
 garbage-first heap   total 75776K, used 6051K [0x0000000081a00000, 0x0000000100000000)
  region size 1024K, 3 young (3072K), 1 survivors (1024K)
 Metaspace       used 3211K, capacity 5637K, committed 5760K, reserved 1056768K
  class space    used 264K, capacity 607K, committed 640K, reserved 1048576K
}
Event: 46.184 GC heap after
{Heap after GC invocations=177 (full 40):
 garbage-first heap   total 17408K, used 4581K [0x0000000081a00000, 0x0000000100000000)
  region size 1024K, 0 young (0K), 0 survivors (0K)
 Metaspace       used 3211K, capacity 5637K, committed 5760K, reserved 1056768K
  class space    used 264K, capacity 607K, committed 640K, reserved 1048576K
}
Event: 46.228 GC heap before
{Heap before GC invocations=177 (full 40):
 garbage-first heap   total 17408K, used 12773K [0x0000000081a00000, 0x0000000100000000)
  region size 1024K, 8 young (8192K), 0 survivors (0K)
 Metaspace       used 3211K, capacity 5637K, committed 5760K, reserved 1056768K
  class space    used 264K, capacity 607K, committed 640K, reserved 1048576K
}
Event: 46.229 GC heap after
{Heap after GC invocations=178 (full 40):
 garbage-first heap   total 17408K, used 5225K [0x0000000081a00000, 0x0000000100000000)
  region size 1024K, 1 young (1024K), 1 survivors (1024K)
 Metaspace       used 3211K, capacity 5637K, committed 5760K, reserved 1056768K
  class space    used 264K, capacity 607K, committed 640K, reserved 1048576K
}
Event: 46.493 GC heap before
{Heap before GC invocations=178 (full 40):
 garbage-first heap   total 17408K, used 10345K [0x0000000081a00000, 0x0000000100000000)
  region size 1024K, 7 young (7168K), 1 survivors (1024K)
 Metaspace       used 3211K, capacity 5637K, committed 5760K, reserved 1056768K
  class space    used 264K, capacity 607K, committed 640K, reserved 1048576K
}
Event: 46.506 GC heap after
{Heap after GC invocations=179 (full 41):
 garbage-first heap   total 17408K, used 4766K [0x0000000081a00000, 0x0000000100000000)
  region size 1024K, 0 young (0K), 0 survivors (0K)
 Metaspace       used 3211K, capacity 5637K, committed 5760K, reserved 1056768K
  class space    used 264K, capacity 607K, committed 640K, reserved 1048576K
}
Event: 46.738 GC heap before
{Heap before GC invocations=179 (full 41):
 garbage-first heap   total 17408K, used 12958K [0x0000000081a00000, 0x0000000100000000)
  region size 1024K, 8 young (8192K), 0 survivors (0K)
 Metaspace       used 3211K, capacity 5637K, committed 5760K, reserved 1056768K
  class space    used 264K, capacity 607K, committed 640K, reserved 1048576K
}
Event: 46.740 GC heap after
{Heap after GC invocations=180 (full 41):
 garbage-first heap   total 17408K, used 5509K [0x0000000081a00000, 0x0000000100000000)
  region size 1024K, 1 young (1024K), 1 survivors (1024K)
 Metaspace       used 3211K, capacity 5637K, committed 5760K, reserved 1056768K
  class space    used 264K, capacity 607K, committed 640K, reserved 1048576K
}

