# JRE version: Java(TM) SE Runtime Environment (13.0.1+9) (build 13.0.1+9)
# Java VM: Java HotSpot(TM) 64-Bit Server VM (13.0.1+9, mixed mode, sharing, tiered, compressed oops, g1 gc, windows-amd64)
Heap:
 garbage-first heap   total 17408K, used 5410K [0x0000000081a00000, 0x0000000100000000)
  region size 1024K, 2 young (2048K), 1 survivors (1024K)
 Metaspace       used 3162K, capacity 5564K, committed 5760K, reserved 1056768K
  class space    used 264K, capacity 607K, committed 640K, reserved 1048576K
GC Heap History (20 events):
Event: 24.789 GC heap before
{Heap before GC invocations=86 (full 17):
 garbage-first heap   total 20480K, used 14164K [0x0000000081a00000, 0x0000000100000000)
  region size 1024K, 10 young (10240K), 1 survivors (1024K)
 Metaspace       used 3162K, capacity 5564K, committed 5760K, reserved 1056768K
  class space    used 264K, capacity 607K, committed 640K, reserved 1048576K
}
Event: 24.790 GC heap after
{Heap after GC invocations=87 (full 17):
 garbage-first heap   total 20480K, used 5219K [0x0000000081a00000, 0x0000000100000000)
  region size 1024K, 1 young (1024K), 1 survivors (1024K)
 Metaspace       used 3162K, capacity 5564K, committed 5760K, reserved 1056768K
  class space    used 264K, capacity 607K, committed 640K, reserved 1048576K
}
Event: 24.799 GC heap before
{Heap before GC invocations=87 (full 17):
 garbage-first heap   total 20480K, used 5219K [0x0000000081a00000, 0x0000000100000000)
  region size 1024K, 2 young (2048K), 1 survivors (1024K)
 Metaspace       used 3162K, capacity 5564K, committed 5760K, reserved 1056768K
  class space    used 264K, capacity 607K, committed 640K, reserved 1048576K
}
Event: 24.807 GC heap after
{Heap after GC invocations=88 (full 18):
 garbage-first heap   total 17408K, used 4536K [0x0000000081a00000, 0x0000000100000000)
  region size 1024K, 0 young (0K), 0 survivors (0K)
 Metaspace       used 3162K, capacity 5564K, committed 5760K, reserved 1056768K
  class space    used 264K, capacity 607K, committed 640K, reserved 1048576K
}
Event: 24.908 GC heap before
{Heap before GC invocations=88 (full 18):
 garbage-first heap   total 17408K, used 12728K [0x0000000081a00000, 0x0000000100000000)
  region size 1024K, 8 young (8192K), 0 survivors (0K)
 Metaspace       used 3162K, capacity 5564K, committed 5760K, reserved 1056768K
  class space    used 264K, capacity 607K, committed 640K, reserved 1048576K
}
Event: 24.910 GC heap after
{Heap after GC invocations=89 (full 18):
 garbage-first heap   total 17408K, used 5044K [0x0000000081a00000, 0x0000000100000000)
  region size 1024K, 1 young (1024K), 1 survivors (1024K)
 Metaspace       used 3162K, capacity 5564K, committed 5760K, reserved 1056768K
  class space    used 264K, capacity 607K, committed 640K, reserved 1048576K
}
Event: 25.866 GC heap before
{Heap before GC invocations=89 (full 18):
 garbage-first heap   total 17408K, used 12212K [0x0000000081a00000, 0x0000000100000000)
  region size 1024K, 9 young (9216K), 1 survivors (1024K)
 Metaspace       used 3162K, capacity 5564K, committed 5760K, reserved 1056768K
  class space    used 264K, capacity 607K, committed 640K, reserved 1048576K
}
Event: 25.881 GC heap after
{Heap after GC invocations=90 (full 19):
 garbage-first heap   total 17408K, used 4723K [0x0000000081a00000, 0x0000000100000000)
  region size 1024K, 0 young (0K), 0 survivors (0K)
 Metaspace       used 3162K, capacity 5564K, committed 5760K, reserved 1056768K
  class space    used 264K, capacity 607K, committed 640K, reserved 1048576K
}
Event: 25.972 GC heap before
{Heap before GC invocations=90 (full 19):
 garbage-first heap   total 17408K, used 12915K [0x0000000081a00000, 0x0000000100000000)
  region size 1024K, 8 young (8192K), 0 survivors (0K)
 Metaspace       used 3162K, capacity 5564K, committed 5760K, reserved 1056768K
  class space    used 264K, capacity 607K, committed 640K, reserved 1048576K
}
Event: 25.973 GC heap after
{Heap after GC invocations=91 (full 19):
 garbage-first heap   total 17408K, used 5201K [0x0000000081a00000, 0x0000000100000000)
  region size 1024K, 1 young (1024K), 1 survivors (1024K)
 Metaspace       used 3162K, capacity 5564K, committed 5760K, reserved 1056768K
  class space    used 264K, capacity 607K, committed 640K, reserved 1048576K
}
Event: 27.067 GC heap before
{Heap before GC invocations=91 (full 19):
 garbage-first heap   total 17408K, used 13393K [0x0000000081a00000, 0x0000000100000000)
  region size 1024K, 9 young (9216K), 1 survivors (1024K)
 Metaspace       used 3162K, capacity 5564K, committed 5760K, reserved 1056768K
  class space    used 264K, capacity 607K, committed 640K, reserved 1048576K
}
Event: 27.068 GC heap after
{Heap after GC invocations=92 (full 19):
 garbage-first heap   total 17408K, used 5366K [0x0000000081a00000, 0x0000000100000000)
  region size 1024K, 1 young (1024K), 1 survivors (1024K)
 Metaspace       used 3162K, capacity 5564K, committed 5760K, reserved 1056768K
  class space    used 264K, capacity 607K, committed 640K, reserved 1048576K
}
Event: 27.109 GC heap before
{Heap before GC invocations=92 (full 19):
 garbage-first heap   total 17408K, used 7414K [0x0000000081a00000, 0x0000000100000000)
  region size 1024K, 4 young (4096K), 1 survivors (1024K)
 Metaspace       used 3162K, capacity 5564K, committed 5760K, reserved 1056768K
  class space    used 264K, capacity 607K, committed 640K, reserved 1048576K
}
Event: 27.123 GC heap after
{Heap after GC invocations=93 (full 20):
 garbage-first heap   total 17408K, used 4550K [0x0000000081a00000, 0x0000000100000000)
  region size 1024K, 0 young (0K), 0 survivors (0K)
 Metaspace       used 3162K, capacity 5564K, committed 5760K, reserved 1056768K
  class space    used 264K, capacity 607K, committed 640K, reserved 1048576K
}
Event: 27.164 GC heap before
{Heap before GC invocations=93 (full 20):
 garbage-first heap   total 17408K, used 12742K [0x0000000081a00000, 0x0000000100000000)
  region size 1024K, 8 young (8192K), 0 survivors (0K)
 Metaspace       used 3162K, capacity 5564K, committed 5760K, reserved 1056768K
  class space    used 264K, capacity 607K, committed 640K, reserved 1048576K
}
Event: 27.165 GC heap after
{Heap after GC invocations=94 (full 20):
 garbage-first heap   total 17408K, used 5216K [0x0000000081a00000, 0x0000000100000000)
  region size 1024K, 1 young (1024K), 1 survivors (1024K)
 Metaspace       used 3162K, capacity 5564K, committed 5760K, reserved 1056768K
  class space    used 264K, capacity 607K, committed 640K, reserved 1048576K
}
Event: 27.352 GC heap before
{Heap before GC invocations=94 (full 20):
 garbage-first heap   total 17408K, used 7264K [0x0000000081a00000, 0x0000000100000000)
  region size 1024K, 4 young (4096K), 1 survivors (1024K)
 Metaspace       used 3162K, capacity 5564K, committed 5760K, reserved 1056768K
  class space    used 264K, capacity 607K, committed 640K, reserved 1048576K
}
Event: 27.368 GC heap after
{Heap after GC invocations=95 (full 21):
 garbage-first heap   total 17408K, used 4736K [0x0000000081a00000, 0x0000000100000000)
  region size 1024K, 0 young (0K), 0 survivors (0K)
 Metaspace       used 3162K, capacity 5564K, committed 5760K, reserved 1056768K
  class space    used 264K, capacity 607K, committed 640K, reserved 1048576K
}
Event: 27.904 GC heap before
{Heap before GC invocations=95 (full 21):
 garbage-first heap   total 17408K, used 12928K [0x0000000081a00000, 0x0000000100000000)
  region size 1024K, 8 young (8192K), 0 survivors (0K)
 Metaspace       used 3162K, capacity 5564K, committed 5760K, reserved 1056768K
  class space    used 264K, capacity 607K, committed 640K, reserved 1048576K
}
Event: 27.906 GC heap after
{Heap after GC invocations=96 (full 21):
 garbage-first heap   total 17408K, used 5410K [0x0000000081a00000, 0x0000000100000000)
  region size 1024K, 1 young (1024K), 1 survivors (1024K)
 Metaspace       used 3162K, capacity 5564K, committed 5760K, reserved 1056768K
  class space    used 264K, capacity 607K, committed 640K, reserved 1048576K
}

