# JRE version: Java(TM) SE Runtime Environment (13.0.1+9) (build 13.0.1+9)
# Java VM: Java HotSpot(TM) 64-Bit Server VM (13.0.1+9, mixed mode, sharing, tiered, compressed oops, g1 gc, windows-amd64)
Heap:
 garbage-first heap   total 17408K, used 5254K [0x0000000081a00000, 0x0000000100000000)
  region size 1024K, 2 young (2048K), 1 survivors (1024K)
 Metaspace       used 3213K, capacity 5637K, committed 5760K, reserved 1056768K
  class space    used 264K, capacity 607K, committed 640K, reserved 1048576K
GC Heap History (20 events):
Event: 43.245 GC heap before
{Heap before GC invocations=159 (full 22):
 garbage-first heap   total 17408K, used 12731K [0x0000000081a00000, 0x0000000100000000)
  region size 1024K, 8 young (8192K), 0 survivors (0K)
 Metaspace       used 3211K, capacity 5637K, committed 5760K, reserved 1056768K
  class space    used 264K, capacity 607K, committed 640K, reserved 1048576K
}
Event: 43.245 GC heap after
{Heap after GC invocations=160 (full 22):
 garbage-first heap   total 17408K, used 4891K [0x0000000081a00000, 0x0000000100000000)
  region size 1024K, 1 young (1024K), 1 survivors (1024K)
 Metaspace       used 3211K, capacity 5637K, committed 5760K, reserved 1056768K
  class space    used 264K, capacity 607K, committed 640K, reserved 1048576K
}
Event: 43.325 GC heap before
{Heap before GC invocations=160 (full 22):
 garbage-first heap   total 17408K, used 12059K [0x0000000081a00000, 0x0000000100000000)
  region size 1024K, 8 young (8192K), 1 survivors (1024K)
 Metaspace       used 3212K, capacity 5637K, committed 5760K, reserved 1056768K
  class space    used 264K, capacity 607K, committed 640K, reserved 1048576K
}
Event: 43.327 GC heap after
{Heap after GC invocations=161 (full 22):
 garbage-first heap   total 17408K, used 5025K [0x0000000081a00000, 0x0000000100000000)
  region size 1024K, 1 young (1024K), 1 survivors (1024K)
 Metaspace       used 3212K, capacity 5637K, committed 5760K, reserved 1056768K
  class space    used 264K, capacity 607K, committed 640K, reserved 1048576K
}
Event: 44.380 GC heap before
{Heap before GC invocations=161 (full 22):
 garbage-first heap   total 17408K, used 12193K [0x0000000081a00000, 0x0000000100000000)
  region size 1024K, 8 young (8192K), 1 survivors (1024K)
 Metaspace       used 3212K, capacity 5637K, committed 5760K, reserved 1056768K
  class space    used 264K, capacity 607K, committed 640K, reserved 1048576K
}
Event: 44.381 GC heap after
{Heap after GC invocations=162 (full 22):
 garbage-first heap   total 17408K, used 5227K [0x0000000081a00000, 0x0000000100000000)
  region size 1024K, 1 young (1024K), 1 survivors (1024K)
 Metaspace       used 3212K, capacity 5637K, committed 5760K, reserved 1056768K
  class space    used 264K, capacity 607K, committed 640K, reserved 1048576K
}
Event: 44.436 GC heap before
{Heap before GC invocations=162 (full 22):
 garbage-first heap   total 17408K, used 9323K [0x0000000081a00000, 0x0000000100000000)
  region size 1024K, 6 young (6144K), 1 survivors (1024K)
 Metaspace       used 3212K, capacity 5637K, committed 5760K, reserved 1056768K
  class space    used 264K, capacity 607K, committed 640K, reserved 1048576K
}
Event: 44.449 GC heap after
{Heap after GC invocations=163 (full 23):
 garbage-first heap   total 17408K, used 4545K [0x0000000081a00000, 0x0000000100000000)
  region size 1024K, 0 young (0K), 0 survivors (0K)
 Metaspace       used 3212K, capacity 5637K, committed 5760K, reserved 1056768K
  class space    used 264K, capacity 607K, committed 640K, reserved 1048576K
}
Event: 44.540 GC heap before
{Heap before GC invocations=163 (full 23):
 garbage-first heap   total 17408K, used 12737K [0x0000000081a00000, 0x0000000100000000)
  region size 1024K, 8 young (8192K), 0 survivors (0K)
 Metaspace       used 3212K, capacity 5637K, committed 5760K, reserved 1056768K
  class space    used 264K, capacity 607K, committed 640K, reserved 1048576K
}
Event: 44.541 GC heap after
{Heap after GC invocations=164 (full 23):
 garbage-first heap   total 17408K, used 5050K [0x0000000081a00000, 0x0000000100000000)
  region size 1024K, 1 young (1024K), 1 survivors (1024K)
 Metaspace       used 3212K, capacity 5637K, committed 5760K, reserved 1056768K
  class space    used 264K, capacity 607K, committed 640K, reserved 1048576K
}
Event: 45.737 GC heap before
{Heap before GC invocations=164 (full 23):
 garbage-first heap   total 17408K, used 12218K [0x0000000081a00000, 0x0000000100000000)
  region size 1024K, 8 young (8192K), 1 survivors (1024K)
 Metaspace       used 3212K, capacity 5637K, committed 5760K, reserved 1056768K
  class space    used 264K, capacity 607K, committed 640K, reserved 1048576K
}
Event: 45.738 GC heap after
{Heap after GC invocations=165 (full 23):
 garbage-first heap   total 17408K, used 5208K [0x0000000081a00000, 0x0000000100000000)
  region size 1024K, 1 young (1024K), 1 survivors (1024K)
 Metaspace       used 3212K, capacity 5637K, committed 5760K, reserved 1056768K
  class space    used 264K, capacity 607K, committed 640K, reserved 1048576K
}
Event: 45.760 GC heap before
{Heap before GC invocations=165 (full 23):
 garbage-first heap   total 17408K, used 6232K [0x0000000081a00000, 0x0000000100000000)
  region size 1024K, 3 young (3072K), 1 survivors (1024K)
 Metaspace       used 3212K, capacity 5637K, committed 5760K, reserved 1056768K
  class space    used 264K, capacity 607K, committed 640K, reserved 1048576K
}
Event: 45.774 GC heap after
{Heap after GC invocations=166 (full 24):
 garbage-first heap   total 17408K, used 4552K [0x0000000081a00000, 0x0000000100000000)
  region size 1024K, 0 young (0K), 0 survivors (0K)
 Metaspace       used 3212K, capacity 5637K, committed 5760K, reserved 1056768K
  class space    used 264K, capacity 607K, committed 640K, reserved 1048576K
}
Event: 45.884 GC heap before
{Heap before GC invocations=166 (full 24):
 garbage-first heap   total 17408K, used 12744K [0x0000000081a00000, 0x0000000100000000)
  region size 1024K, 8 young (8192K), 0 survivors (0K)
 Metaspace       used 3212K, capacity 5637K, committed 5760K, reserved 1056768K
  class space    used 264K, capacity 607K, committed 640K, reserved 1048576K
}
Event: 45.885 GC heap after
{Heap after GC invocations=167 (full 24):
 garbage-first heap   total 17408K, used 4897K [0x0000000081a00000, 0x0000000100000000)
  region size 1024K, 1 young (1024K), 1 survivors (1024K)
 Metaspace       used 3212K, capacity 5637K, committed 5760K, reserved 1056768K
  class space    used 264K, capacity 607K, committed 640K, reserved 1048576K
}
Event: 45.989 GC heap before
{Heap before GC invocations=167 (full 24):
 garbage-first heap   total 17408K, used 12065K [0x0000000081a00000, 0x0000000100000000)
  region size 1024K, 8 young (8192K), 1 survivors (1024K)
 Metaspace       used 3212K, capacity 5637K, committed 5760K, reserved 1056768K
  class space    used 264K, capacity 607K, committed 640K, reserved 1048576K
}
Event: 45.990 GC heap after
{Heap after GC invocations=168 (full 24):
 garbage-first heap   total 17408K, used 4885K [0x0000000081a00000, 0x0000000100000000)
  region size 1024K, 1 young (1024K), 1 survivors (1024K)
 Metaspace       used 3212K, capacity 5637K, committed 5760K, reserved 1056768K
  class space    used 264K, capacity 607K, committed 640K, reserved 1048576K
}
Event: 46.196 GC heap before
{Heap before GC invocations=168 (full 24):
 garbage-first heap   total 17408K, used 12053K [0x0000000081a00000, 0x0000000100000000)
  region size 1024K, 8 young (8192K), 1 survivors (1024K)
 Metaspace       used 3212K, capacity 5637K, committed 5760K, reserved 1056768K
  class space    used 264K, capacity 607K, committed 640K, reserved 1048576K
}
Event: 46.197 GC heap after
{Heap after GC invocations=169 (full 24):
 garbage-first heap   total 17408K, used 5254K [0x0000000081a00000, 0x0000000100000000)
  region size 1024K, 1 young (1024K), 1 survivors (1024K)
 Metaspace       used 3212K, capacity 5637K, committed 5760K, reserved 1056768K
  class space    used 264K, capacity 607K, committed 640K, reserved 1048576K
}

