# JRE version: Java(TM) SE Runtime Environment (13.0.1+9) (build 13.0.1+9)
# Java VM: Java HotSpot(TM) 64-Bit Server VM (13.0.1+9, mixed mode, sharing, tiered, compressed oops, g1 gc, windows-amd64)
Heap:
 garbage-first heap   total 17408K, used 5271K [0x0000000081a00000, 0x0000000100000000)
  region size 1024K, 2 young (2048K), 1 survivors (1024K)
 Metaspace       used 3213K, capacity 5633K, committed 5760K, reserved 1056768K
  class space    used 264K, capacity 607K, committed 640K, reserved 1048576K
GC Heap History (20 events):
Event: 55.971 GC heap before
{Heap before GC invocations=304 (full 114):
 garbage-first heap   total 17408K, used 12766K [0x0000000081a00000, 0x0000000100000000)
  region size 1024K, 8 young (8192K), 0 survivors (0K)
 Metaspace       used 3213K, capacity 5633K, committed 5760K, reserved 1056768K
  class space    used 264K, capacity 607K, committed 640K, reserved 1048576K
}
Event: 55.973 GC heap after
{Heap after GC invocations=305 (full 114):
 garbage-first heap   total 74752K, used 5127K [0x0000000081a00000, 0x0000000100000000)
  region size 1024K, 1 young (1024K), 1 survivors (1024K)
 Metaspace       used 3213K, capacity 5633K, committed 5760K, reserved 1056768K
  class space    used 264K, capacity 607K, committed 640K, reserved 1048576K
}
Event: 55.980 GC heap before
{Heap before GC invocations=305 (full 114):
 garbage-first heap   total 74752K, used 5127K [0x0000000081a00000, 0x0000000100000000)
  region size 1024K, 2 young (2048K), 1 survivors (1024K)
 Metaspace       used 3213K, capacity 5633K, committed 5760K, reserved 1056768K
  class space    used 264K, capacity 607K, committed 640K, reserved 1048576K
}
Event: 55.989 GC heap after
{Heap after GC invocations=306 (full 115):
 garbage-first heap   total 17408K, used 4579K [0x0000000081a00000, 0x0000000100000000)
  region size 1024K, 0 young (0K), 0 survivors (0K)
 Metaspace       used 3213K, capacity 5633K, committed 5760K, reserved 1056768K
  class space    used 264K, capacity 607K, committed 640K, reserved 1048576K
}
Event: 56.172 GC heap before
{Heap before GC invocations=306 (full 115):
 garbage-first heap   total 17408K, used 12771K [0x0000000081a00000, 0x0000000100000000)
  region size 1024K, 8 young (8192K), 0 survivors (0K)
 Metaspace       used 3213K, capacity 5633K, committed 5760K, reserved 1056768K
  class space    used 264K, capacity 607K, committed 640K, reserved 1048576K
}
Event: 56.173 GC heap after
{Heap after GC invocations=307 (full 115):
 garbage-first heap   total 17408K, used 5073K [0x0000000081a00000, 0x0000000100000000)
  region size 1024K, 1 young (1024K), 1 survivors (1024K)
 Metaspace       used 3213K, capacity 5633K, committed 5760K, reserved 1056768K
  class space    used 264K, capacity 607K, committed 640K, reserved 1048576K
}
Event: 56.272 GC heap before
{Heap before GC invocations=307 (full 115):
 garbage-first heap   total 17408K, used 12241K [0x0000000081a00000, 0x0000000100000000)
  region size 1024K, 8 young (8192K), 1 survivors (1024K)
 Metaspace       used 3213K, capacity 5633K, committed 5760K, reserved 1056768K
  class space    used 264K, capacity 607K, committed 640K, reserved 1048576K
}
Event: 56.274 GC heap after
{Heap after GC invocations=308 (full 115):
 garbage-first heap   total 17408K, used 4950K [0x0000000081a00000, 0x0000000100000000)
  region size 1024K, 1 young (1024K), 1 survivors (1024K)
 Metaspace       used 3213K, capacity 5633K, committed 5760K, reserved 1056768K
  class space    used 264K, capacity 607K, committed 640K, reserved 1048576K
}
Event: 56.304 GC heap before
{Heap before GC invocations=308 (full 115):
 garbage-first heap   total 17408K, used 6998K [0x0000000081a00000, 0x0000000100000000)
  region size 1024K, 4 young (4096K), 1 survivors (1024K)
 Metaspace       used 3213K, capacity 5633K, committed 5760K, reserved 1056768K
  class space    used 264K, capacity 607K, committed 640K, reserved 1048576K
}
Event: 56.316 GC heap after
{Heap after GC invocations=309 (full 116):
 garbage-first heap   total 17408K, used 4582K [0x0000000081a00000, 0x0000000100000000)
  region size 1024K, 0 young (0K), 0 survivors (0K)
 Metaspace       used 3213K, capacity 5633K, committed 5760K, reserved 1056768K
  class space    used 264K, capacity 607K, committed 640K, reserved 1048576K
}
Event: 56.491 GC heap before
{Heap before GC invocations=309 (full 116):
 garbage-first heap   total 17408K, used 12774K [0x0000000081a00000, 0x0000000100000000)
  region size 1024K, 8 young (8192K), 0 survivors (0K)
 Metaspace       used 3213K, capacity 5633K, committed 5760K, reserved 1056768K
  class space    used 264K, capacity 607K, committed 640K, reserved 1048576K
}
Event: 56.492 GC heap after
{Heap after GC invocations=310 (full 116):
 garbage-first heap   total 17408K, used 4981K [0x0000000081a00000, 0x0000000100000000)
  region size 1024K, 1 young (1024K), 1 survivors (1024K)
 Metaspace       used 3213K, capacity 5633K, committed 5760K, reserved 1056768K
  class space    used 264K, capacity 607K, committed 640K, reserved 1048576K
}
Event: 56.562 GC heap before
{Heap before GC invocations=310 (full 116):
 garbage-first heap   total 17408K, used 10101K [0x0000000081a00000, 0x0000000100000000)
  region size 1024K, 7 young (7168K), 1 survivors (1024K)
 Metaspace       used 3213K, capacity 5633K, committed 5760K, reserved 1056768K
  class space    used 264K, capacity 607K, committed 640K, reserved 1048576K
}
Event: 56.575 GC heap after
{Heap after GC invocations=311 (full 117):
 garbage-first heap   total 17408K, used 4588K [0x0000000081a00000, 0x0000000100000000)
  region size 1024K, 0 young (0K), 0 survivors (0K)
 Metaspace       used 3213K, capacity 5633K, committed 5760K, reserved 1056768K
  class space    used 264K, capacity 607K, committed 640K, reserved 1048576K
}
Event: 56.794 GC heap before
{Heap before GC invocations=311 (full 117):
 garbage-first heap   total 17408K, used 12780K [0x0000000081a00000, 0x0000000100000000)
  region size 1024K, 8 young (8192K), 0 survivors (0K)
 Metaspace       used 3213K, capacity 5633K, committed 5760K, reserved 1056768K
  class space    used 264K, capacity 607K, committed 640K, reserved 1048576K
}
Event: 56.796 GC heap after
{Heap after GC invocations=312 (full 117):
 garbage-first heap   total 74752K, used 5082K [0x0000000081a00000, 0x0000000100000000)
  region size 1024K, 1 young (1024K), 1 survivors (1024K)
 Metaspace       used 3213K, capacity 5633K, committed 5760K, reserved 1056768K
  class space    used 264K, capacity 607K, committed 640K, reserved 1048576K
}
Event: 57.039 GC heap before
{Heap before GC invocations=312 (full 117):
 garbage-first heap   total 74752K, used 21466K [0x0000000081a00000, 0x0000000100000000)
  region size 1024K, 18 young (18432K), 1 survivors (1024K)
 Metaspace       used 3213K, capacity 5633K, committed 5760K, reserved 1056768K
  class space    used 264K, capacity 607K, committed 640K, reserved 1048576K
}
Event: 57.049 GC heap after
{Heap after GC invocations=313 (full 118):
 garbage-first heap   total 17408K, used 4593K [0x0000000081a00000, 0x0000000100000000)
  region size 1024K, 0 young (0K), 0 survivors (0K)
 Metaspace       used 3213K, capacity 5633K, committed 5760K, reserved 1056768K
  class space    used 264K, capacity 607K, committed 640K, reserved 1048576K
}
Event: 57.225 GC heap before
{Heap before GC invocations=313 (full 118):
 garbage-first heap   total 17408K, used 12785K [0x0000000081a00000, 0x0000000100000000)
  region size 1024K, 8 young (8192K), 0 survivors (0K)
 Metaspace       used 3213K, capacity 5633K, committed 5760K, reserved 1056768K
  class space    used 264K, capacity 607K, committed 640K, reserved 1048576K
}
Event: 57.228 GC heap after
{Heap after GC invocations=314 (full 118):
 garbage-first heap   total 17408K, used 5271K [0x0000000081a00000, 0x0000000100000000)
  region size 1024K, 1 young (1024K), 1 survivors (1024K)
 Metaspace       used 3213K, capacity 5633K, committed 5760K, reserved 1056768K
  class space    used 264K, capacity 607K, committed 640K, reserved 1048576K
}

