# JRE version: Java(TM) SE Runtime Environment (13.0.1+9) (build 13.0.1+9)
# Java VM: Java HotSpot(TM) 64-Bit Server VM (13.0.1+9, mixed mode, sharing, tiered, compressed oops, g1 gc, windows-amd64)
Heap:
 garbage-first heap   total 17408K, used 5095K [0x0000000081a00000, 0x0000000100000000)
  region size 1024K, 2 young (2048K), 1 survivors (1024K)
 Metaspace       used 2613K, capacity 5285K, committed 5504K, reserved 1056768K
  class space    used 214K, capacity 531K, committed 640K, reserved 1048576K
GC Heap History (20 events):
Event: 6.884 GC heap before
{Heap before GC invocations=23 (full 8):
 garbage-first heap   total 17408K, used 12055K [0x0000000081a00000, 0x0000000100000000)
  region size 1024K, 8 young (8192K), 1 survivors (1024K)
 Metaspace       used 2607K, capacity 5285K, committed 5504K, reserved 1056768K
  class space    used 214K, capacity 531K, committed 640K, reserved 1048576K
}
Event: 6.885 GC heap after
{Heap after GC invocations=24 (full 8):
 garbage-first heap   total 74752K, used 4863K [0x0000000081a00000, 0x0000000100000000)
  region size 1024K, 1 young (1024K), 1 survivors (1024K)
 Metaspace       used 2607K, capacity 5285K, committed 5504K, reserved 1056768K
  class space    used 214K, capacity 531K, committed 640K, reserved 1048576K
}
Event: 6.986 GC heap before
{Heap before GC invocations=24 (full 8):
 garbage-first heap   total 74752K, used 8959K [0x0000000081a00000, 0x0000000100000000)
  region size 1024K, 6 young (6144K), 1 survivors (1024K)
 Metaspace       used 2607K, capacity 5285K, committed 5504K, reserved 1056768K
  class space    used 214K, capacity 531K, committed 640K, reserved 1048576K
}
Event: 6.996 GC heap after
{Heap after GC invocations=25 (full 9):
 garbage-first heap   total 17408K, used 4360K [0x0000000081a00000, 0x0000000100000000)
  region size 1024K, 0 young (0K), 0 survivors (0K)
 Metaspace       used 2607K, capacity 5285K, committed 5504K, reserved 1056768K
  class space    used 214K, capacity 531K, committed 640K, reserved 1048576K
}
Event: 7.064 GC heap before
{Heap before GC invocations=25 (full 9):
 garbage-first heap   total 17408K, used 8456K [0x0000000081a00000, 0x0000000100000000)
  region size 1024K, 5 young (5120K), 0 survivors (0K)
 Metaspace       used 2608K, capacity 5285K, committed 5504K, reserved 1056768K
  class space    used 214K, capacity 531K, committed 640K, reserved 1048576K
}
Event: 7.076 GC heap after
{Heap after GC invocations=26 (full 10):
 garbage-first heap   total 17408K, used 4384K [0x0000000081a00000, 0x0000000100000000)
  region size 1024K, 0 young (0K), 0 survivors (0K)
 Metaspace       used 2608K, capacity 5285K, committed 5504K, reserved 1056768K
  class space    used 214K, capacity 531K, committed 640K, reserved 1048576K
}
Event: 7.114 GC heap before
{Heap before GC invocations=26 (full 10):
 garbage-first heap   total 17408K, used 6432K [0x0000000081a00000, 0x0000000100000000)
  region size 1024K, 3 young (3072K), 0 survivors (0K)
 Metaspace       used 2613K, capacity 5285K, committed 5504K, reserved 1056768K
  class space    used 214K, capacity 531K, committed 640K, reserved 1048576K
}
Event: 7.125 GC heap after
{Heap after GC invocations=27 (full 11):
 garbage-first heap   total 17408K, used 4383K [0x0000000081a00000, 0x0000000100000000)
  region size 1024K, 0 young (0K), 0 survivors (0K)
 Metaspace       used 2613K, capacity 5285K, committed 5504K, reserved 1056768K
  class space    used 214K, capacity 531K, committed 640K, reserved 1048576K
}
Event: 7.237 GC heap before
{Heap before GC invocations=27 (full 11):
 garbage-first heap   total 17408K, used 11551K [0x0000000081a00000, 0x0000000100000000)
  region size 1024K, 7 young (7168K), 0 survivors (0K)
 Metaspace       used 2613K, capacity 5285K, committed 5504K, reserved 1056768K
  class space    used 214K, capacity 531K, committed 640K, reserved 1048576K
}
Event: 7.238 GC heap after
{Heap after GC invocations=28 (full 11):
 garbage-first heap   total 17408K, used 4761K [0x0000000081a00000, 0x0000000100000000)
  region size 1024K, 1 young (1024K), 1 survivors (1024K)
 Metaspace       used 2613K, capacity 5285K, committed 5504K, reserved 1056768K
  class space    used 214K, capacity 531K, committed 640K, reserved 1048576K
}
Event: 7.353 GC heap before
{Heap before GC invocations=28 (full 11):
 garbage-first heap   total 17408K, used 11929K [0x0000000081a00000, 0x0000000100000000)
  region size 1024K, 8 young (8192K), 1 survivors (1024K)
 Metaspace       used 2613K, capacity 5285K, committed 5504K, reserved 1056768K
  class space    used 214K, capacity 531K, committed 640K, reserved 1048576K
}
Event: 7.354 GC heap after
{Heap after GC invocations=29 (full 11):
 garbage-first heap   total 17408K, used 4820K [0x0000000081a00000, 0x0000000100000000)
  region size 1024K, 1 young (1024K), 1 survivors (1024K)
 Metaspace       used 2613K, capacity 5285K, committed 5504K, reserved 1056768K
  class space    used 214K, capacity 531K, committed 640K, reserved 1048576K
}
Event: 7.451 GC heap before
{Heap before GC invocations=29 (full 11):
 garbage-first heap   total 17408K, used 11988K [0x0000000081a00000, 0x0000000100000000)
  region size 1024K, 8 young (8192K), 1 survivors (1024K)
 Metaspace       used 2613K, capacity 5285K, committed 5504K, reserved 1056768K
  class space    used 214K, capacity 531K, committed 640K, reserved 1048576K
}
Event: 7.453 GC heap after
{Heap after GC invocations=30 (full 11):
 garbage-first heap   total 17408K, used 4796K [0x0000000081a00000, 0x0000000100000000)
  region size 1024K, 1 young (1024K), 1 survivors (1024K)
 Metaspace       used 2613K, capacity 5285K, committed 5504K, reserved 1056768K
  class space    used 214K, capacity 531K, committed 640K, reserved 1048576K
}
Event: 7.589 GC heap before
{Heap before GC invocations=30 (full 11):
 garbage-first heap   total 17408K, used 11964K [0x0000000081a00000, 0x0000000100000000)
  region size 1024K, 8 young (8192K), 1 survivors (1024K)
 Metaspace       used 2613K, capacity 5285K, committed 5504K, reserved 1056768K
  class space    used 214K, capacity 531K, committed 640K, reserved 1048576K
}
Event: 7.590 GC heap after
{Heap after GC invocations=31 (full 11):
 garbage-first heap   total 74752K, used 4858K [0x0000000081a00000, 0x0000000100000000)
  region size 1024K, 1 young (1024K), 1 survivors (1024K)
 Metaspace       used 2613K, capacity 5285K, committed 5504K, reserved 1056768K
  class space    used 214K, capacity 531K, committed 640K, reserved 1048576K
}
Event: 7.637 GC heap before
{Heap before GC invocations=31 (full 11):
 garbage-first heap   total 74752K, used 6906K [0x0000000081a00000, 0x0000000100000000)
  region size 1024K, 4 young (4096K), 1 survivors (1024K)
 Metaspace       used 2613K, capacity 5285K, committed 5504K, reserved 1056768K
  class space    used 214K, capacity 531K, committed 640K, reserved 1048576K
}
Event: 7.645 GC heap after
{Heap after GC invocations=32 (full 12):
 garbage-first heap   total 17408K, used 4365K [0x0000000081a00000, 0x0000000100000000)
  region size 1024K, 0 young (0K), 0 survivors (0K)
 Metaspace       used 2613K, capacity 5285K, committed 5504K, reserved 1056768K
  class space    used 214K, capacity 531K, committed 640K, reserved 1048576K
}
Event: 7.878 GC heap before
{Heap before GC invocations=32 (full 12):
 garbage-first heap   total 17408K, used 12557K [0x0000000081a00000, 0x0000000100000000)
  region size 1024K, 8 young (8192K), 0 survivors (0K)
 Metaspace       used 2613K, capacity 5285K, committed 5504K, reserved 1056768K
  class space    used 214K, capacity 531K, committed 640K, reserved 1048576K
}
Event: 7.879 GC heap after
{Heap after GC invocations=33 (full 12):
 garbage-first heap   total 17408K, used 5095K [0x0000000081a00000, 0x0000000100000000)
  region size 1024K, 1 young (1024K), 1 survivors (1024K)
 Metaspace       used 2613K, capacity 5285K, committed 5504K, reserved 1056768K
  class space    used 214K, capacity 531K, committed 640K, reserved 1048576K
}

