# JRE version: Java(TM) SE Runtime Environment (13.0.1+9) (build 13.0.1+9)
# Java VM: Java HotSpot(TM) 64-Bit Server VM (13.0.1+9, mixed mode, sharing, tiered, compressed oops, g1 gc, windows-amd64)
Heap:
 garbage-first heap   total 20480K, used 5436K [0x0000000081a00000, 0x0000000100000000)
  region size 1024K, 2 young (2048K), 1 survivors (1024K)
 Metaspace       used 3363K, capacity 5639K, committed 5760K, reserved 1056768K
  class space    used 264K, capacity 607K, committed 640K, reserved 1048576K
GC Heap History (20 events):
Event: 203.371 GC heap before
{Heap before GC invocations=824 (full 211):
 garbage-first heap   total 75776K, used 11503K [0x0000000081a00000, 0x0000000100000000)
  region size 1024K, 8 young (8192K), 1 survivors (1024K)
 Metaspace       used 3363K, capacity 5639K, committed 5760K, reserved 1056768K
  class space    used 264K, capacity 607K, committed 640K, reserved 1048576K
}
Event: 203.380 GC heap after
{Heap after GC invocations=825 (full 212):
 garbage-first heap   total 20480K, used 4573K [0x0000000081a00000, 0x0000000100000000)
  region size 1024K, 0 young (0K), 0 survivors (0K)
 Metaspace       used 3363K, capacity 5639K, committed 5760K, reserved 1056768K
  class space    used 264K, capacity 607K, committed 640K, reserved 1048576K
}
Event: 203.448 GC heap before
{Heap before GC invocations=825 (full 212):
 garbage-first heap   total 20480K, used 14813K [0x0000000081a00000, 0x0000000100000000)
  region size 1024K, 10 young (10240K), 0 survivors (0K)
 Metaspace       used 3363K, capacity 5639K, committed 5760K, reserved 1056768K
  class space    used 264K, capacity 607K, committed 640K, reserved 1048576K
}
Event: 203.449 GC heap after
{Heap after GC invocations=826 (full 212):
 garbage-first heap   total 20480K, used 5280K [0x0000000081a00000, 0x0000000100000000)
  region size 1024K, 1 young (1024K), 1 survivors (1024K)
 Metaspace       used 3363K, capacity 5639K, committed 5760K, reserved 1056768K
  class space    used 264K, capacity 607K, committed 640K, reserved 1048576K
}
Event: 204.488 GC heap before
{Heap before GC invocations=826 (full 212):
 garbage-first heap   total 20480K, used 9376K [0x0000000081a00000, 0x0000000100000000)
  region size 1024K, 6 young (6144K), 1 survivors (1024K)
 Metaspace       used 3363K, capacity 5639K, committed 5760K, reserved 1056768K
  class space    used 264K, capacity 607K, committed 640K, reserved 1048576K
}
Event: 204.496 GC heap after
{Heap after GC invocations=827 (full 213):
 garbage-first heap   total 20480K, used 4759K [0x0000000081a00000, 0x0000000100000000)
  region size 1024K, 0 young (0K), 0 survivors (0K)
 Metaspace       used 3363K, capacity 5639K, committed 5760K, reserved 1056768K
  class space    used 264K, capacity 607K, committed 640K, reserved 1048576K
}
Event: 204.556 GC heap before
{Heap before GC invocations=827 (full 213):
 garbage-first heap   total 20480K, used 14999K [0x0000000081a00000, 0x0000000100000000)
  region size 1024K, 10 young (10240K), 0 survivors (0K)
 Metaspace       used 3363K, capacity 5639K, committed 5760K, reserved 1056768K
  class space    used 264K, capacity 607K, committed 640K, reserved 1048576K
}
Event: 204.557 GC heap after
{Heap after GC invocations=828 (full 213):
 garbage-first heap   total 20480K, used 5466K [0x0000000081a00000, 0x0000000100000000)
  region size 1024K, 1 young (1024K), 1 survivors (1024K)
 Metaspace       used 3363K, capacity 5639K, committed 5760K, reserved 1056768K
  class space    used 264K, capacity 607K, committed 640K, reserved 1048576K
}
Event: 205.817 GC heap before
{Heap before GC invocations=828 (full 213):
 garbage-first heap   total 20480K, used 11610K [0x0000000081a00000, 0x0000000100000000)
  region size 1024K, 8 young (8192K), 1 survivors (1024K)
 Metaspace       used 3363K, capacity 5639K, committed 5760K, reserved 1056768K
  class space    used 264K, capacity 607K, committed 640K, reserved 1048576K
}
Event: 205.826 GC heap after
{Heap after GC invocations=829 (full 214):
 garbage-first heap   total 20480K, used 4765K [0x0000000081a00000, 0x0000000100000000)
  region size 1024K, 0 young (0K), 0 survivors (0K)
 Metaspace       used 3363K, capacity 5639K, committed 5760K, reserved 1056768K
  class space    used 264K, capacity 607K, committed 640K, reserved 1048576K
}
Event: 205.965 GC heap before
{Heap before GC invocations=829 (full 214):
 garbage-first heap   total 20480K, used 15005K [0x0000000081a00000, 0x0000000100000000)
  region size 1024K, 10 young (10240K), 0 survivors (0K)
 Metaspace       used 3363K, capacity 5639K, committed 5760K, reserved 1056768K
  class space    used 264K, capacity 607K, committed 640K, reserved 1048576K
}
Event: 205.966 GC heap after
{Heap after GC invocations=830 (full 214):
 garbage-first heap   total 20480K, used 5081K [0x0000000081a00000, 0x0000000100000000)
  region size 1024K, 1 young (1024K), 1 survivors (1024K)
 Metaspace       used 3363K, capacity 5639K, committed 5760K, reserved 1056768K
  class space    used 264K, capacity 607K, committed 640K, reserved 1048576K
}
Event: 206.056 GC heap before
{Heap before GC invocations=830 (full 214):
 garbage-first heap   total 20480K, used 14297K [0x0000000081a00000, 0x0000000100000000)
  region size 1024K, 10 young (10240K), 1 survivors (1024K)
 Metaspace       used 3363K, capacity 5639K, committed 5760K, reserved 1056768K
  class space    used 264K, capacity 607K, committed 640K, reserved 1048576K
}
Event: 206.057 GC heap after
{Heap after GC invocations=831 (full 214):
 garbage-first heap   total 20480K, used 5227K [0x0000000081a00000, 0x0000000100000000)
  region size 1024K, 1 young (1024K), 1 survivors (1024K)
 Metaspace       used 3363K, capacity 5639K, committed 5760K, reserved 1056768K
  class space    used 264K, capacity 607K, committed 640K, reserved 1048576K
}
Event: 206.286 GC heap before
{Heap before GC invocations=831 (full 214):
 garbage-first heap   total 20480K, used 10347K [0x0000000081a00000, 0x0000000100000000)
  region size 1024K, 7 young (7168K), 1 survivors (1024K)
 Metaspace       used 3363K, capacity 5639K, committed 5760K, reserved 1056768K
  class space    used 264K, capacity 607K, committed 640K, reserved 1048576K
}
Event: 206.295 GC heap after
{Heap after GC invocations=832 (full 215):
 garbage-first heap   total 20480K, used 4772K [0x0000000081a00000, 0x0000000100000000)
  region size 1024K, 0 young (0K), 0 survivors (0K)
 Metaspace       used 3363K, capacity 5639K, committed 5760K, reserved 1056768K
  class space    used 264K, capacity 607K, committed 640K, reserved 1048576K
}
Event: 206.650 GC heap before
{Heap before GC invocations=832 (full 215):
 garbage-first heap   total 20480K, used 12964K [0x0000000081a00000, 0x0000000100000000)
  region size 1024K, 9 young (9216K), 0 survivors (0K)
 Metaspace       used 3363K, capacity 5639K, committed 5760K, reserved 1056768K
  class space    used 264K, capacity 607K, committed 640K, reserved 1048576K
}
Event: 206.659 GC heap after
{Heap after GC invocations=833 (full 216):
 garbage-first heap   total 20480K, used 4777K [0x0000000081a00000, 0x0000000100000000)
  region size 1024K, 0 young (0K), 0 survivors (0K)
 Metaspace       used 3363K, capacity 5639K, committed 5760K, reserved 1056768K
  class space    used 264K, capacity 607K, committed 640K, reserved 1048576K
}
Event: 206.910 GC heap before
{Heap before GC invocations=833 (full 216):
 garbage-first heap   total 20480K, used 15017K [0x0000000081a00000, 0x0000000100000000)
  region size 1024K, 10 young (10240K), 0 survivors (0K)
 Metaspace       used 3363K, capacity 5639K, committed 5760K, reserved 1056768K
  class space    used 264K, capacity 607K, committed 640K, reserved 1048576K
}
Event: 206.912 GC heap after
{Heap after GC invocations=834 (full 216):
 garbage-first heap   total 20480K, used 5436K [0x0000000081a00000, 0x0000000100000000)
  region size 1024K, 1 young (1024K), 1 survivors (1024K)
 Metaspace       used 3363K, capacity 5639K, committed 5760K, reserved 1056768K
  class space    used 264K, capacity 607K, committed 640K, reserved 1048576K
}

