# JRE version: Java(TM) SE Runtime Environment (13.0.1+9) (build 13.0.1+9)
# Java VM: Java HotSpot(TM) 64-Bit Server VM (13.0.1+9, mixed mode, sharing, tiered, compressed oops, g1 gc, windows-amd64)
Heap:
 garbage-first heap   total 20480K, used 5295K [0x0000000081a00000, 0x0000000100000000)
  region size 1024K, 2 young (2048K), 1 survivors (1024K)
 Metaspace       used 2655K, capacity 5349K, committed 5504K, reserved 1056768K
  class space    used 214K, capacity 531K, committed 640K, reserved 1048576K
GC Heap History (20 events):
Event: 197.070 GC heap before
{Heap before GC invocations=49 (full 16):
 garbage-first heap   total 20480K, used 14845K [0x0000000081a00000, 0x0000000100000000)
  region size 1024K, 10 young (10240K), 0 survivors (0K)
 Metaspace       used 2655K, capacity 5349K, committed 5504K, reserved 1056768K
  class space    used 214K, capacity 531K, committed 640K, reserved 1048576K
}
Event: 197.071 GC heap after
{Heap after GC invocations=50 (full 16):
 garbage-first heap   total 20480K, used 5185K [0x0000000081a00000, 0x0000000100000000)
  region size 1024K, 1 young (1024K), 1 survivors (1024K)
 Metaspace       used 2655K, capacity 5349K, committed 5504K, reserved 1056768K
  class space    used 214K, capacity 531K, committed 640K, reserved 1048576K
}
Event: 197.927 GC heap before
{Heap before GC invocations=50 (full 16):
 garbage-first heap   total 20480K, used 14401K [0x0000000081a00000, 0x0000000100000000)
  region size 1024K, 10 young (10240K), 1 survivors (1024K)
 Metaspace       used 2655K, capacity 5349K, committed 5504K, reserved 1056768K
  class space    used 214K, capacity 531K, committed 640K, reserved 1048576K
}
Event: 197.929 GC heap after
{Heap after GC invocations=51 (full 16):
 garbage-first heap   total 20480K, used 5228K [0x0000000081a00000, 0x0000000100000000)
  region size 1024K, 1 young (1024K), 1 survivors (1024K)
 Metaspace       used 2655K, capacity 5349K, committed 5504K, reserved 1056768K
  class space    used 214K, capacity 531K, committed 640K, reserved 1048576K
}
Event: 197.935 GC heap before
{Heap before GC invocations=51 (full 16):
 garbage-first heap   total 20480K, used 5228K [0x0000000081a00000, 0x0000000100000000)
  region size 1024K, 2 young (2048K), 1 survivors (1024K)
 Metaspace       used 2655K, capacity 5349K, committed 5504K, reserved 1056768K
  class space    used 214K, capacity 531K, committed 640K, reserved 1048576K
}
Event: 197.943 GC heap after
{Heap after GC invocations=52 (full 17):
 garbage-first heap   total 20480K, used 4432K [0x0000000081a00000, 0x0000000100000000)
  region size 1024K, 0 young (0K), 0 survivors (0K)
 Metaspace       used 2655K, capacity 5349K, committed 5504K, reserved 1056768K
  class space    used 214K, capacity 531K, committed 640K, reserved 1048576K
}
Event: 198.083 GC heap before
{Heap before GC invocations=52 (full 17):
 garbage-first heap   total 20480K, used 14672K [0x0000000081a00000, 0x0000000100000000)
  region size 1024K, 10 young (10240K), 0 survivors (0K)
 Metaspace       used 2655K, capacity 5349K, committed 5504K, reserved 1056768K
  class space    used 214K, capacity 531K, committed 640K, reserved 1048576K
}
Event: 198.084 GC heap after
{Heap after GC invocations=53 (full 17):
 garbage-first heap   total 20480K, used 4771K [0x0000000081a00000, 0x0000000100000000)
  region size 1024K, 1 young (1024K), 1 survivors (1024K)
 Metaspace       used 2655K, capacity 5349K, committed 5504K, reserved 1056768K
  class space    used 214K, capacity 531K, committed 640K, reserved 1048576K
}
Event: 198.157 GC heap before
{Heap before GC invocations=53 (full 17):
 garbage-first heap   total 20480K, used 13987K [0x0000000081a00000, 0x0000000100000000)
  region size 1024K, 10 young (10240K), 1 survivors (1024K)
 Metaspace       used 2655K, capacity 5349K, committed 5504K, reserved 1056768K
  class space    used 214K, capacity 531K, committed 640K, reserved 1048576K
}
Event: 198.159 GC heap after
{Heap after GC invocations=54 (full 17):
 garbage-first heap   total 20480K, used 5020K [0x0000000081a00000, 0x0000000100000000)
  region size 1024K, 1 young (1024K), 1 survivors (1024K)
 Metaspace       used 2655K, capacity 5349K, committed 5504K, reserved 1056768K
  class space    used 214K, capacity 531K, committed 640K, reserved 1048576K
}
Event: 198.803 GC heap before
{Heap before GC invocations=54 (full 17):
 garbage-first heap   total 20480K, used 14236K [0x0000000081a00000, 0x0000000100000000)
  region size 1024K, 10 young (10240K), 1 survivors (1024K)
 Metaspace       used 2655K, capacity 5349K, committed 5504K, reserved 1056768K
  class space    used 214K, capacity 531K, committed 640K, reserved 1048576K
}
Event: 198.805 GC heap after
{Heap after GC invocations=55 (full 17):
 garbage-first heap   total 20480K, used 5089K [0x0000000081a00000, 0x0000000100000000)
  region size 1024K, 1 young (1024K), 1 survivors (1024K)
 Metaspace       used 2655K, capacity 5349K, committed 5504K, reserved 1056768K
  class space    used 214K, capacity 531K, committed 640K, reserved 1048576K
}
Event: 198.853 GC heap before
{Heap before GC invocations=55 (full 17):
 garbage-first heap   total 20480K, used 8161K [0x0000000081a00000, 0x0000000100000000)
  region size 1024K, 5 young (5120K), 1 survivors (1024K)
 Metaspace       used 2655K, capacity 5349K, committed 5504K, reserved 1056768K
  class space    used 214K, capacity 531K, committed 640K, reserved 1048576K
}
Event: 198.860 GC heap after
{Heap after GC invocations=56 (full 18):
 garbage-first heap   total 20480K, used 4438K [0x0000000081a00000, 0x0000000100000000)
  region size 1024K, 0 young (0K), 0 survivors (0K)
 Metaspace       used 2655K, capacity 5349K, committed 5504K, reserved 1056768K
  class space    used 214K, capacity 531K, committed 640K, reserved 1048576K
}
Event: 198.974 GC heap before
{Heap before GC invocations=56 (full 18):
 garbage-first heap   total 20480K, used 14678K [0x0000000081a00000, 0x0000000100000000)
  region size 1024K, 10 young (10240K), 0 survivors (0K)
 Metaspace       used 2655K, capacity 5349K, committed 5504K, reserved 1056768K
  class space    used 214K, capacity 531K, committed 640K, reserved 1048576K
}
Event: 198.975 GC heap after
{Heap after GC invocations=57 (full 18):
 garbage-first heap   total 20480K, used 4885K [0x0000000081a00000, 0x0000000100000000)
  region size 1024K, 1 young (1024K), 1 survivors (1024K)
 Metaspace       used 2655K, capacity 5349K, committed 5504K, reserved 1056768K
  class space    used 214K, capacity 531K, committed 640K, reserved 1048576K
}
Event: 200.643 GC heap before
{Heap before GC invocations=57 (full 18):
 garbage-first heap   total 20480K, used 11029K [0x0000000081a00000, 0x0000000100000000)
  region size 1024K, 8 young (8192K), 1 survivors (1024K)
 Metaspace       used 2655K, capacity 5349K, committed 5504K, reserved 1056768K
  class space    used 214K, capacity 531K, committed 640K, reserved 1048576K
}
Event: 200.651 GC heap after
{Heap after GC invocations=58 (full 19):
 garbage-first heap   total 20480K, used 4624K [0x0000000081a00000, 0x0000000100000000)
  region size 1024K, 0 young (0K), 0 survivors (0K)
 Metaspace       used 2655K, capacity 5349K, committed 5504K, reserved 1056768K
  class space    used 214K, capacity 531K, committed 640K, reserved 1048576K
}
Event: 200.987 GC heap before
{Heap before GC invocations=58 (full 19):
 garbage-first heap   total 20480K, used 14864K [0x0000000081a00000, 0x0000000100000000)
  region size 1024K, 10 young (10240K), 0 survivors (0K)
 Metaspace       used 2655K, capacity 5349K, committed 5504K, reserved 1056768K
  class space    used 214K, capacity 531K, committed 640K, reserved 1048576K
}
Event: 200.989 GC heap after
{Heap after GC invocations=59 (full 19):
 garbage-first heap   total 20480K, used 5295K [0x0000000081a00000, 0x0000000100000000)
  region size 1024K, 1 young (1024K), 1 survivors (1024K)
 Metaspace       used 2655K, capacity 5349K, committed 5504K, reserved 1056768K
  class space    used 214K, capacity 531K, committed 640K, reserved 1048576K
}

