# JRE version: Java(TM) SE Runtime Environment (13.0.1+9) (build 13.0.1+9)
# Java VM: Java HotSpot(TM) 64-Bit Server VM (13.0.1+9, mixed mode, sharing, tiered, compressed oops, g1 gc, windows-amd64)
Heap:
 garbage-first heap   total 17408K, used 5076K [0x0000000081a00000, 0x0000000100000000)
  region size 1024K, 2 young (2048K), 1 survivors (1024K)
 Metaspace       used 2612K, capacity 5285K, committed 5504K, reserved 1056768K
  class space    used 214K, capacity 531K, committed 640K, reserved 1048576K
GC Heap History (20 events):
Event: 4.965 GC heap before
{Heap before GC invocations=14 (full 3):
 garbage-first heap   total 17408K, used 12004K [0x0000000081a00000, 0x0000000100000000)
  region size 1024K, 8 young (8192K), 1 survivors (1024K)
 Metaspace       used 2592K, capacity 5285K, committed 5504K, reserved 1056768K
  class space    used 214K, capacity 531K, committed 640K, reserved 1048576K
}
Event: 4.966 GC heap after
{Heap after GC invocations=15 (full 3):
 garbage-first heap   total 17408K, used 4805K [0x0000000081a00000, 0x0000000100000000)
  region size 1024K, 1 young (1024K), 1 survivors (1024K)
 Metaspace       used 2592K, capacity 5285K, committed 5504K, reserved 1056768K
  class space    used 214K, capacity 531K, committed 640K, reserved 1048576K
}
Event: 5.067 GC heap before
{Heap before GC invocations=15 (full 3):
 garbage-first heap   total 17408K, used 11973K [0x0000000081a00000, 0x0000000100000000)
  region size 1024K, 8 young (8192K), 1 survivors (1024K)
 Metaspace       used 2592K, capacity 5285K, committed 5504K, reserved 1056768K
  class space    used 214K, capacity 531K, committed 640K, reserved 1048576K
}
Event: 5.068 GC heap after
{Heap after GC invocations=16 (full 3):
 garbage-first heap   total 17408K, used 4842K [0x0000000081a00000, 0x0000000100000000)
  region size 1024K, 1 young (1024K), 1 survivors (1024K)
 Metaspace       used 2592K, capacity 5285K, committed 5504K, reserved 1056768K
  class space    used 214K, capacity 531K, committed 640K, reserved 1048576K
}
Event: 5.083 GC heap before
{Heap before GC invocations=16 (full 3):
 garbage-first heap   total 17408K, used 5866K [0x0000000081a00000, 0x0000000100000000)
  region size 1024K, 3 young (3072K), 1 survivors (1024K)
 Metaspace       used 2592K, capacity 5285K, committed 5504K, reserved 1056768K
  class space    used 214K, capacity 531K, committed 640K, reserved 1048576K
}
Event: 5.094 GC heap after
{Heap after GC invocations=17 (full 4):
 garbage-first heap   total 17408K, used 4346K [0x0000000081a00000, 0x0000000100000000)
  region size 1024K, 0 young (0K), 0 survivors (0K)
 Metaspace       used 2592K, capacity 5285K, committed 5504K, reserved 1056768K
  class space    used 214K, capacity 531K, committed 640K, reserved 1048576K
}
Event: 5.191 GC heap before
{Heap before GC invocations=17 (full 4):
 garbage-first heap   total 17408K, used 11514K [0x0000000081a00000, 0x0000000100000000)
  region size 1024K, 7 young (7168K), 0 survivors (0K)
 Metaspace       used 2593K, capacity 5285K, committed 5504K, reserved 1056768K
  class space    used 214K, capacity 531K, committed 640K, reserved 1048576K
}
Event: 5.193 GC heap after
{Heap after GC invocations=18 (full 4):
 garbage-first heap   total 74752K, used 4888K [0x0000000081a00000, 0x0000000100000000)
  region size 1024K, 1 young (1024K), 1 survivors (1024K)
 Metaspace       used 2593K, capacity 5285K, committed 5504K, reserved 1056768K
  class space    used 214K, capacity 531K, committed 640K, reserved 1048576K
}
Event: 5.524 GC heap before
{Heap before GC invocations=18 (full 4):
 garbage-first heap   total 74752K, used 27416K [0x0000000081a00000, 0x0000000100000000)
  region size 1024K, 24 young (24576K), 1 survivors (1024K)
 Metaspace       used 2595K, capacity 5285K, committed 5504K, reserved 1056768K
  class space    used 214K, capacity 531K, committed 640K, reserved 1048576K
}
Event: 5.533 GC heap after
{Heap after GC invocations=19 (full 5):
 garbage-first heap   total 20480K, used 4350K [0x0000000081a00000, 0x0000000100000000)
  region size 1024K, 0 young (0K), 0 survivors (0K)
 Metaspace       used 2595K, capacity 5285K, committed 5504K, reserved 1056768K
  class space    used 214K, capacity 531K, committed 640K, reserved 1048576K
}
Event: 5.596 GC heap before
{Heap before GC invocations=19 (full 5):
 garbage-first heap   total 20480K, used 8446K [0x0000000081a00000, 0x0000000100000000)
  region size 1024K, 5 young (5120K), 0 survivors (0K)
 Metaspace       used 2601K, capacity 5285K, committed 5504K, reserved 1056768K
  class space    used 214K, capacity 531K, committed 640K, reserved 1048576K
}
Event: 5.604 GC heap after
{Heap after GC invocations=20 (full 6):
 garbage-first heap   total 20480K, used 4397K [0x0000000081a00000, 0x0000000100000000)
  region size 1024K, 0 young (0K), 0 survivors (0K)
 Metaspace       used 2601K, capacity 5285K, committed 5504K, reserved 1056768K
  class space    used 214K, capacity 531K, committed 640K, reserved 1048576K
}
Event: 5.733 GC heap before
{Heap before GC invocations=20 (full 6):
 garbage-first heap   total 20480K, used 13613K [0x0000000081a00000, 0x0000000100000000)
  region size 1024K, 9 young (9216K), 0 survivors (0K)
 Metaspace       used 2601K, capacity 5285K, committed 5504K, reserved 1056768K
  class space    used 214K, capacity 531K, committed 640K, reserved 1048576K
}
Event: 5.734 GC heap after
{Heap after GC invocations=21 (full 6):
 garbage-first heap   total 20480K, used 4730K [0x0000000081a00000, 0x0000000100000000)
  region size 1024K, 1 young (1024K), 1 survivors (1024K)
 Metaspace       used 2601K, capacity 5285K, committed 5504K, reserved 1056768K
  class space    used 214K, capacity 531K, committed 640K, reserved 1048576K
}
Event: 5.943 GC heap before
{Heap before GC invocations=21 (full 6):
 garbage-first heap   total 20480K, used 12922K [0x0000000081a00000, 0x0000000100000000)
  region size 1024K, 9 young (9216K), 1 survivors (1024K)
 Metaspace       used 2612K, capacity 5285K, committed 5504K, reserved 1056768K
  class space    used 214K, capacity 531K, committed 640K, reserved 1048576K
}
Event: 5.945 GC heap after
{Heap after GC invocations=22 (full 6):
 garbage-first heap   total 20480K, used 5057K [0x0000000081a00000, 0x0000000100000000)
  region size 1024K, 1 young (1024K), 1 survivors (1024K)
 Metaspace       used 2612K, capacity 5285K, committed 5504K, reserved 1056768K
  class space    used 214K, capacity 531K, committed 640K, reserved 1048576K
}
Event: 5.979 GC heap before
{Heap before GC invocations=22 (full 6):
 garbage-first heap   total 20480K, used 7105K [0x0000000081a00000, 0x0000000100000000)
  region size 1024K, 4 young (4096K), 1 survivors (1024K)
 Metaspace       used 2612K, capacity 5285K, committed 5504K, reserved 1056768K
  class space    used 214K, capacity 531K, committed 640K, reserved 1048576K
}
Event: 5.987 GC heap after
{Heap after GC invocations=23 (full 7):
 garbage-first heap   total 17408K, used 4360K [0x0000000081a00000, 0x0000000100000000)
  region size 1024K, 0 young (0K), 0 survivors (0K)
 Metaspace       used 2612K, capacity 5285K, committed 5504K, reserved 1056768K
  class space    used 214K, capacity 531K, committed 640K, reserved 1048576K
}
Event: 6.188 GC heap before
{Heap before GC invocations=23 (full 7):
 garbage-first heap   total 17408K, used 12552K [0x0000000081a00000, 0x0000000100000000)
  region size 1024K, 8 young (8192K), 0 survivors (0K)
 Metaspace       used 2612K, capacity 5285K, committed 5504K, reserved 1056768K
  class space    used 214K, capacity 531K, committed 640K, reserved 1048576K
}
Event: 6.190 GC heap after
{Heap after GC invocations=24 (full 7):
 garbage-first heap   total 17408K, used 5076K [0x0000000081a00000, 0x0000000100000000)
  region size 1024K, 1 young (1024K), 1 survivors (1024K)
 Metaspace       used 2612K, capacity 5285K, committed 5504K, reserved 1056768K
  class space    used 214K, capacity 531K, committed 640K, reserved 1048576K
}

