# JRE version: OpenJDK Runtime Environment Temurin-16.0.2+7 (16.0.2+7) (build 16.0.2+7)
# Java VM: OpenJDK 64-Bit Server VM Temurin-16.0.2+7 (16.0.2+7, mixed mode, sharing, tiered, compressed oops, compressed class ptrs, g1 gc, windows-amd64)
GC Precious Log:
 CPUs: 8 total, 8 available
 Memory: 8108M
 Large Page Support: Disabled
 NUMA Support: Disabled
 Compressed Oops: Enabled (32-bit)
 Heap Region Size: 1M
 Heap Min Capacity: 8M
 Heap Initial Capacity: 128M
 Heap Max Capacity: 2028M
 Pre-touch: Disabled
 Parallel Workers: 8
 Concurrent Workers: 2
 Concurrent Refinement Workers: 8
 Periodic GC: Disabled
Heap:
 garbage-first heap   total 339968K, used 26100K [0x0000000081400000, 0x0000000100000000)
  region size 1024K, 6 young (6144K), 1 survivors (1024K)
 Metaspace       used 5880K, committed 6080K, reserved 1056768K
  class space    used 426K, committed 512K, reserved 1048576K
GC Heap History (20 events):
Event: 595.527 GC heap before
{Heap before GC invocations=561 (full 0):
 garbage-first heap   total 339968K, used 223720K [0x0000000081400000, 0x0000000100000000)
  region size 1024K, 199 young (203776K), 2 survivors (2048K)
 Metaspace       used 5880K, committed 6080K, reserved 1056768K
  class space    used 426K, committed 512K, reserved 1048576K
}
Event: 595.529 GC heap after
{Heap after GC invocations=562 (full 0):
 garbage-first heap   total 339968K, used 21978K [0x0000000081400000, 0x0000000100000000)
  region size 1024K, 1 young (1024K), 1 survivors (1024K)
 Metaspace       used 5880K, committed 6080K, reserved 1056768K
  class space    used 426K, committed 512K, reserved 1048576K
}
Event: 596.905 GC heap before
{Heap before GC invocations=562 (full 0):
 garbage-first heap   total 339968K, used 224730K [0x0000000081400000, 0x0000000100000000)
  region size 1024K, 199 young (203776K), 1 survivors (1024K)
 Metaspace       used 5880K, committed 6080K, reserved 1056768K
  class space    used 426K, committed 512K, reserved 1048576K
}
Event: 596.907 GC heap after
{Heap after GC invocations=563 (full 0):
 garbage-first heap   total 339968K, used 21929K [0x0000000081400000, 0x0000000100000000)
  region size 1024K, 1 young (1024K), 1 survivors (1024K)
 Metaspace       used 5880K, committed 6080K, reserved 1056768K
  class space    used 426K, committed 512K, reserved 1048576K
}
Event: 598.670 GC heap before
{Heap before GC invocations=563 (full 0):
 garbage-first heap   total 339968K, used 224681K [0x0000000081400000, 0x0000000100000000)
  region size 1024K, 199 young (203776K), 1 survivors (1024K)
 Metaspace       used 5880K, committed 6080K, reserved 1056768K
  class space    used 426K, committed 512K, reserved 1048576K
}
Event: 598.671 GC heap after
{Heap after GC invocations=564 (full 0):
 garbage-first heap   total 339968K, used 21950K [0x0000000081400000, 0x0000000100000000)
  region size 1024K, 1 young (1024K), 1 survivors (1024K)
 Metaspace       used 5880K, committed 6080K, reserved 1056768K
  class space    used 426K, committed 512K, reserved 1048576K
}
Event: 600.108 GC heap before
{Heap before GC invocations=564 (full 0):
 garbage-first heap   total 339968K, used 224702K [0x0000000081400000, 0x0000000100000000)
  region size 1024K, 199 young (203776K), 1 survivors (1024K)
 Metaspace       used 5880K, committed 6080K, reserved 1056768K
  class space    used 426K, committed 512K, reserved 1048576K
}
Event: 600.110 GC heap after
{Heap after GC invocations=565 (full 0):
 garbage-first heap   total 339968K, used 21982K [0x0000000081400000, 0x0000000100000000)
  region size 1024K, 1 young (1024K), 1 survivors (1024K)
 Metaspace       used 5880K, committed 6080K, reserved 1056768K
  class space    used 426K, committed 512K, reserved 1048576K
}
Event: 602.051 GC heap before
{Heap before GC invocations=565 (full 0):
 garbage-first heap   total 339968K, used 224734K [0x0000000081400000, 0x0000000100000000)
  region size 1024K, 199 young (203776K), 1 survivors (1024K)
 Metaspace       used 5880K, committed 6080K, reserved 1056768K
  class space    used 426K, committed 512K, reserved 1048576K
}
Event: 602.053 GC heap after
{Heap after GC invocations=566 (full 0):
 garbage-first heap   total 339968K, used 21971K [0x0000000081400000, 0x0000000100000000)
  region size 1024K, 1 young (1024K), 1 survivors (1024K)
 Metaspace       used 5880K, committed 6080K, reserved 1056768K
  class space    used 426K, committed 512K, reserved 1048576K
}
Event: 603.875 GC heap before
{Heap before GC invocations=566 (full 0):
 garbage-first heap   total 339968K, used 224723K [0x0000000081400000, 0x0000000100000000)
  region size 1024K, 199 young (203776K), 1 survivors (1024K)
 Metaspace       used 5880K, committed 6080K, reserved 1056768K
  class space    used 426K, committed 512K, reserved 1048576K
}
Event: 603.877 GC heap after
{Heap after GC invocations=567 (full 0):
 garbage-first heap   total 339968K, used 22168K [0x0000000081400000, 0x0000000100000000)
  region size 1024K, 2 young (2048K), 2 survivors (2048K)
 Metaspace       used 5880K, committed 6080K, reserved 1056768K
  class space    used 426K, committed 512K, reserved 1048576K
}
Event: 605.553 GC heap before
{Heap before GC invocations=567 (full 0):
 garbage-first heap   total 339968K, used 223896K [0x0000000081400000, 0x0000000100000000)
  region size 1024K, 199 young (203776K), 2 survivors (2048K)
 Metaspace       used 5880K, committed 6080K, reserved 1056768K
  class space    used 426K, committed 512K, reserved 1048576K
}
Event: 605.555 GC heap after
{Heap after GC invocations=568 (full 0):
 garbage-first heap   total 339968K, used 22116K [0x0000000081400000, 0x0000000100000000)
  region size 1024K, 2 young (2048K), 2 survivors (2048K)
 Metaspace       used 5880K, committed 6080K, reserved 1056768K
  class space    used 426K, committed 512K, reserved 1048576K
}
Event: 606.704 GC heap before
{Heap before GC invocations=568 (full 0):
 garbage-first heap   total 339968K, used 223844K [0x0000000081400000, 0x0000000100000000)
  region size 1024K, 199 young (203776K), 2 survivors (2048K)
 Metaspace       used 5880K, committed 6080K, reserved 1056768K
  class space    used 426K, committed 512K, reserved 1048576K
}
Event: 606.706 GC heap after
{Heap after GC invocations=569 (full 0):
 garbage-first heap   total 339968K, used 22160K [0x0000000081400000, 0x0000000100000000)
  region size 1024K, 2 young (2048K), 2 survivors (2048K)
 Metaspace       used 5880K, committed 6080K, reserved 1056768K
  class space    used 426K, committed 512K, reserved 1048576K
}
Event: 608.323 GC heap before
{Heap before GC invocations=569 (full 0):
 garbage-first heap   total 339968K, used 223888K [0x0000000081400000, 0x0000000100000000)
  region size 1024K, 199 young (203776K), 2 survivors (2048K)
 Metaspace       used 5880K, committed 6080K, reserved 1056768K
  class space    used 426K, committed 512K, reserved 1048576K
}
Event: 608.324 GC heap after
{Heap after GC invocations=570 (full 0):
 garbage-first heap   total 339968K, used 22302K [0x0000000081400000, 0x0000000100000000)
  region size 1024K, 2 young (2048K), 2 survivors (2048K)
 Metaspace       used 5880K, committed 6080K, reserved 1056768K
  class space    used 426K, committed 512K, reserved 1048576K
}
Event: 611.877 GC heap before
{Heap before GC invocations=570 (full 0):
 garbage-first heap   total 339968K, used 224030K [0x0000000081400000, 0x0000000100000000)
  region size 1024K, 199 young (203776K), 2 survivors (2048K)
 Metaspace       used 5880K, committed 6080K, reserved 1056768K
  class space    used 426K, committed 512K, reserved 1048576K
}
Event: 611.878 GC heap after
{Heap after GC invocations=571 (full 0):
 garbage-first heap   total 339968K, used 22004K [0x0000000081400000, 0x0000000100000000)
  region size 1024K, 1 young (1024K), 1 survivors (1024K)
 Metaspace       used 5880K, committed 6080K, reserved 1056768K
  class space    used 426K, committed 512K, reserved 1048576K
}

